07-05-23	13:14:26	37e6f43b-6a4f-488d-ae33-e2a6d329214a	GET	/index.html	undefined
07-05-23	13:14:26	c98b5f1d-3af6-4f2f-bc84-2bd30477e39f	GET	/css/style.css	undefined
07-05-23	13:30:52	e7ecd574-9e8e-4af7-95a8-e04ba344a52c	OPTIONS	/	https://www.redhat.com
07-05-23	13:30:52	01695aea-694a-4776-a3b6-c4bce44dfd65	GET	/	https://www.redhat.com
09-05-23	23:05:12	81c13fdb-0794-44ee-b1fd-d7eb51d33689	GET	/users	undefined
09-05-23	23:09:26	e1f0d0c1-616c-42b9-b348-2a4345f0d14d	GET	/users	undefined
09-05-23	23:12:36	d8bfe0bb-9ae3-4e94-ab16-060ebf33bd15	GET	/users	
09-05-23	23:17:23	555f0460-3f92-43f2-9e2f-36b8b7653ebe	GET	/users	postman
09-05-23	23:19:25	c61e9b1e-7d2a-4f82-bc56-31c45e0be488	GET	/users	postman
09-05-23	23:20:48	cd738b85-400d-4e76-b1b9-37a7da8194f2	POST	/users	postman
09-05-23	23:20:59	037b85ec-29a9-4ad7-9b99-bec364cf0c11	GET	/users	postman
09-05-23	23:37:07	eedc58de-28d5-43b7-a470-69b7ee6ea992	POST	/users	postman
09-05-23	23:37:52	04fb206f-7f5b-4928-bd98-bce30dc05855	POST	/users	postman
09-05-23	23:38:33	5153e719-1f02-440b-8f08-04cfb620f78b	GET	/users	postman
09-05-23	23:39:38	3ab1f5b7-1d9a-4dd3-879e-848bc28470b9	POST	/users	postman
09-05-23	23:40:06	5b76c129-20cc-4bf4-a80f-59d996174041	POST	/users	postman
09-05-23	23:40:13	143fd0a9-57e4-4154-ba31-5ea923653053	POST	/users	postman
09-05-23	23:40:30	e66cd8a0-6197-4c29-a278-a82898123511	POST	/users	postman
09-05-23	23:40:40	12f5011f-6301-4898-ba33-818734f9ce77	GET	/users	postman
09-05-23	23:46:09	af86ce75-0147-4d8c-901d-fdc49718582e	GET	/users	postman
10-05-23	03:37:38	c08d8ac6-e02e-41a6-a630-0eb909f6eec1	DELETE	/users	postman
10-05-23	03:39:49	0db7f29b-d00d-401e-a254-9d82c01115d5	POST	/users	postman
10-05-23	03:40:16	ca50502b-7206-4f69-9719-f9352ead0cc0	GET	/users	postman
10-05-23	03:40:27	bf6ba7e5-7268-45fd-9ae2-53fb377e1577	POST	/users	postman
10-05-23	03:41:21	9ee64e1e-12cd-4411-a6df-89e24df8a2a1	GET	/users	postman
10-05-23	03:41:47	ba5dedf7-9697-4045-8dab-65d6ac6cf245	PATCH	/users	postman
10-05-23	03:42:49	0d5913f5-cb9b-440a-a96c-30f58e25a687	PATCH	/users	postman
10-05-23	03:43:15	3a40ef86-691c-41c6-87d8-79615a5d6e46	PATCH	/users	postman
10-05-23	03:43:21	cc5d2114-d92a-4c40-9f5a-76ee17d2eaa3	PATCH	/users	postman
10-05-23	03:43:27	41fc3e9c-6967-419b-9763-bf591cc5b88f	PATCH	/users	postman
10-05-23	03:43:36	d5dd3bfe-fbf7-4a6e-92e5-3923b99ef86c	GET	/users	postman
10-05-23	03:43:51	77bc5768-0350-4797-97cd-5e720d073b56	PATCH	/users	postman
10-05-23	03:43:58	53a88add-ed02-4019-8f9c-8f7f3a8e459f	GET	/users	postman
10-05-23	03:45:50	8c845381-c29a-4ddc-a75e-3868a67892cf	DELETE	/users	postman
10-05-23	03:48:24	a5696059-8735-45a9-9a89-ea867fe08c06	DELETE	/users	postman
10-05-23	03:49:10	de121287-5904-43e4-a57c-891023e1b3c3	DELETE	/users	postman
10-05-23	03:51:46	261fe6ed-f422-4306-b70f-9a3b7490bcc8	DELETE	/users	postman
10-05-23	03:51:57	ac890876-efb5-4609-93c4-0ee04bd41bbc	DELETE	/users	postman
10-05-23	03:52:03	4ad0f248-fb98-42f4-930f-ea56dcddc4c8	GET	/users	postman
10-05-23	03:52:22	334cf8bc-b3e8-479b-9725-18c0ee9a3ba3	GET	/users	postman
10-05-23	03:52:37	f36246a1-5f20-4223-8cbb-1991c3f03f66	DELETE	/users	postman
10-05-23	03:53:23	c36f2146-78b9-4b3b-9835-63a2eefc18c2	GET	/users	postman
10-05-23	05:02:54	a7c4a1f8-55a5-4c30-bf91-667627cce69f	GET	/users	postman
10-05-23	05:47:57	2946f697-563a-4b31-82a1-152bad5015f9	GET	/users	postman
10-05-23	05:48:04	2556eb80-4aa6-4741-b812-f1ef795357e6	GET	/users	postman
10-05-23	05:48:34	1eecf6ce-5fdd-404f-8739-144dab3d67a7	GET	/users	postman
10-05-23	05:49:51	f4778a69-f672-4938-baa9-796bef95ec8a	GET	/users	postman
10-05-23	05:51:00	a8d4d488-3bfd-422b-8311-226dd51f78e5	GET	/auth	postman
10-05-23	05:54:13	6f7dc9ec-c792-4770-a5b6-5c4bd6c5502b	POST	/auth	postman
10-05-23	05:55:19	19f0de6c-2871-4135-a319-5ad1271d8842	POST	/auth	postman
10-05-23	05:55:37	0bd418fc-4a14-432c-89a0-13ad702cfa3a	POST	/users	postman
10-05-23	05:55:43	34096e79-65fe-48f3-9f37-c506cdce5ff1	POST	/users	postman
10-05-23	05:55:55	39a33400-b29b-4c85-b0b4-87ee210b4ca6	POST	/auth	postman
10-05-23	05:56:17	21518b9e-017f-4ba5-af9a-fe1dd8f3aa6f	POST	/auth	postman
10-05-23	05:56:28	aef486ab-c78f-44f2-a26a-b9405351bfc8	POST	/auth	postman
10-05-23	05:56:39	42c53a30-996d-4639-aad1-c96ce2436275	POST	/users	postman
10-05-23	05:56:54	0984a9cd-424b-46e8-a39f-500886d34a4a	POST	/users	postman
10-05-23	05:57:03	4564765a-3bed-47ec-832d-ae3447b004ea	POST	/auth	postman
10-05-23	05:58:51	5cac77b9-a9ab-4327-8ba8-5f98904e992d	POST	/auth	postman
10-05-23	05:59:31	41165fda-6cab-4e17-8f3e-55d2918b03a0	POST	/auth	postman
12-05-23	12:00:51	e03c3d94-5b7e-440a-b82b-4e3e95cfea99	GET	/users	postman
12-05-23	12:11:05	755775d2-e7df-4311-b4a2-16fa0c8c31c7	GET	/books	postman
12-05-23	12:18:46	da2121d7-2dcd-48c4-b2a1-7ed93b6048f9	GET	/books/yt	postman
12-05-23	12:41:29	51481d3d-49e8-428a-8202-a514df164802	POST	/books/	postman
12-05-23	12:42:16	8d52fdd1-cb45-498e-a1fc-a5277d92d9bf	POST	/books/	postman
12-05-23	12:42:49	2c132f5d-6149-43e4-9d01-766f78e30648	POST	/books/	postman
12-05-23	12:42:56	94d8f71d-d3d3-4174-b95a-ae8d3f603f6b	GET	/books/	postman
12-05-23	16:32:23	2112de3d-7faf-4916-8245-197c8ba8cd0f	GET	/books/	postman
12-05-23	16:37:18	cdd24288-53e2-4151-9950-ad198a67393c	GET	/books/	postman
12-05-23	16:37:53	6834d968-79fe-4574-9fe7-45aed1a494d0	GET	/books/	postman
12-05-23	16:40:23	3b7778a4-ff65-44f6-b965-5e7572ad1c8a	GET	/books/	postman
12-05-23	16:45:36	b22d0b86-3075-446e-ae2d-686f8ecf6688	GET	/books/	postman
12-05-23	16:47:56	0bd6777f-408a-4720-8875-b0e4625a0e93	GET	/users/	undefined
12-05-23	21:09:45	2b58befe-3ae9-4384-a765-6e3fc362960b	POST	/books/	undefined
12-05-23	21:09:51	bd1e49d6-8785-4ad8-95e9-918ae30d9029	GET	/books/	undefined
12-05-23	21:10:00	5f897f42-3cca-4b78-93d3-2eb3dd62d2bb	GET	/users	postman
12-05-23	21:12:17	34ac88d3-1df8-478b-9a13-1e4d45759733	POST	/sales	undefined
12-05-23	21:13:34	1b9d71ad-4792-4b56-ae25-a7f16eca592a	POST	/sales	undefined
12-05-23	21:19:56	d9fbf0f7-7cbd-408d-9b39-2e1d5195313e	POST	/sales	undefined
12-05-23	21:20:07	529fba38-cfc2-42f7-8279-782ec70dcfd0	POST	/sales	undefined
12-05-23	21:23:00	e3135495-e62b-4849-9012-e07ed6e6400b	POST	/sales	undefined
12-05-23	21:26:11	f24ce295-3d79-4bc1-9af5-6699a14297b7	POST	/sales	undefined
12-05-23	21:27:00	de347ef6-78ac-4043-b4d3-7a9bf567ff44	POST	/sales	undefined
12-05-23	21:27:28	e8f4c719-2f11-45c0-8438-31c0c2d701b3	GET	/users	postman
12-05-23	21:27:38	fa218d58-e94d-4e8f-b234-8367abb35ccf	POST	/sales	undefined
12-05-23	21:28:29	a9507888-d544-4749-a1d6-ce71e994698a	POST	/sales	undefined
12-05-23	21:28:44	ee58b1ee-6662-4dbb-9c99-9b35a3dfa5da	POST	/sales	undefined
12-05-23	21:28:50	d3bec9d8-42b1-40d0-bfca-8f93cf200c4f	POST	/sales	undefined
12-05-23	21:29:14	9b293af2-6437-4f33-8119-472f19e6ef31	GET	/users	postman
12-05-23	21:29:31	e31d23f1-ad49-4481-9b20-c6f6386832b6	GET	/users	postman
12-05-23	21:31:12	e5956658-ed0d-45e3-a813-b91ad8bd2f5e	PATCH	/users	postman
12-05-23	21:31:19	b032f226-dfb5-4e32-8207-66f53c6c6fb3	PATCH	/users	postman
12-05-23	21:31:24	f65be5d4-9abf-4076-bf0f-239a098df6a7	GET	/users	postman
12-05-23	21:34:14	9d30c972-8777-47cf-b929-9d322e0ba861	POST	/sales	undefined
12-05-23	21:34:22	2c0b1853-66a4-4923-ac5f-63588adb3e63	GET	/users	postman
12-05-23	21:35:03	599529ce-a68e-473a-ae23-3e60ce3f7380	POST	/sales	undefined
12-05-23	21:40:37	b7e9bc75-7eda-41f0-974b-a2b4462b7b5b	POST	/sales	undefined
12-05-23	21:41:46	2cddcaac-1bac-4832-9601-d2404bd15595	POST	/sales	undefined
12-05-23	21:42:46	391d9333-5429-4b5f-858b-3769209f2eaa	POST	/sales	undefined
12-05-23	21:44:15	d92ebb42-8c96-4010-87c6-58fc23cbf6b8	GET	/users	postman
12-05-23	21:48:11	577df84d-5cd6-49ba-8798-9e540e4d1eaf	POST	/books/	undefined
12-05-23	21:48:17	9befff13-9455-4c6f-b94d-1ff616567e02	GET	/books/	undefined
12-05-23	21:49:25	0c3eb584-571f-42d9-bb3c-23a720c286ba	GET	/books/	undefined
12-05-23	21:49:32	bb1883b3-dee8-4d4d-8254-24c6057db1a9	POST	/books/	undefined
12-05-23	21:49:37	8d8ddb5f-1d3e-4483-bb62-12087dd19e08	GET	/books/	undefined
12-05-23	21:59:13	69fd7e27-5ee0-43cd-b4c6-45bdd18a29f5	POST	/sales	undefined
12-05-23	21:59:21	923b05b9-1246-496a-b9b2-46e537739d85	GET	/books/	undefined
12-05-23	21:59:42	2ae04f44-10aa-4ec8-a56e-cd84bd5fec7c	GET	/users	postman
12-05-23	22:04:09	045a9279-2342-4a8d-8486-5ebb0d1d55b3	POST	/sales	undefined
12-05-23	22:04:14	b6c25749-541c-4049-bebd-889a3c031f7d	GET	/users	postman
12-05-23	23:19:04	fef04545-22ee-4126-a284-9773e964c7c0	GET	/books/	undefined
12-05-23	23:19:30	668e9931-310a-42e0-9e1a-e883820ad254	GET	/books/	undefined
12-05-23	23:20:02	58ac7ac8-447d-4598-b6ce-db9fc4a5cff1	DELETE	/books/	undefined
12-05-23	23:20:35	25d06769-77b3-4e9d-a773-f3e119daa83b	DELETE	/books/	undefined
12-05-23	23:20:45	4273bd0b-3106-49e4-8260-f54a703e0574	GET	/books/	undefined
12-05-23	23:21:02	25a54663-2ec0-4b26-b91c-7741baa20da0	GET	/books/	undefined
12-05-23	23:21:11	72443140-3ec6-40ae-9aed-9318180fc006	DELETE	/books/	undefined
12-05-23	23:21:17	95375e8b-3935-490a-b834-c59c9e5d2c2b	GET	/books/	undefined
12-05-23	23:21:43	6e9c0bac-c86b-4014-9394-abce3c5d9db1	DELETE	/users	postman
12-05-23	23:21:53	aa968725-a53e-4bb3-a29b-40f794979a1c	DELETE	/users	postman
12-05-23	23:21:59	77b60a21-b3c8-41cc-96f1-b59b157c6468	GET	/users	postman
12-05-23	23:22:29	ac3cc874-4e81-4a92-9a99-33e951e89efd	GET	/users	postman
12-05-23	23:22:45	ff63c84f-b17c-4df4-bfbd-cc43084d3971	GET	/users	postman
12-05-23	23:22:51	1a925650-fe6c-40ed-994c-4b49e3de01b4	DELETE	/users	postman
12-05-23	23:22:56	1fb53917-9a2a-4824-8487-1419cb7deeff	GET	/users	postman
12-05-23	23:23:09	f209e576-d1b6-4b94-b49b-4bc73820754b	GET	/users	postman
12-05-23	23:24:13	4c9d2382-5e04-4525-bd05-505bb182668a	POST	/users	postman
12-05-23	23:24:19	f064842f-0266-49a1-952d-09e695416062	GET	/users	postman
12-05-23	23:24:37	e17ff01d-d326-4d49-9c1f-3ad1c1921d86	POST	/users	postman
12-05-23	23:24:56	82629ddc-847c-4dfa-949b-a128c717be2f	POST	/users	postman
12-05-23	23:25:01	6742eeca-403c-4ff6-bcab-32964db6411b	GET	/users	postman
12-05-23	23:25:26	e38200c1-c320-41a9-b3b8-99745c5e8889	DELETE	/users	postman
12-05-23	23:25:32	a44c1070-ebbb-4cda-9c0b-32e8aafeccaa	GET	/users	postman
12-05-23	23:25:44	4653ac30-7ff3-404f-bade-309ad0b953d8	GET	/books/	undefined
12-05-23	23:26:17	cd600f5a-2da6-4774-9e95-6617a1b92dbf	POST	/sales	undefined
12-05-23	23:26:58	b5354483-85de-4e7e-9544-b56637964109	POST	/sales	undefined
12-05-23	23:27:07	aa27b544-f25d-49f9-a73b-0548e1b4a2e0	GET	/users	postman
13-05-23	21:52:20	83dc3f96-7f6b-4bcd-8078-a115cb36c7ef	GET	/books/	undefined
13-05-23	21:57:15	3e2e456f-a411-495c-96f0-0a15c1afd7fb	GET	/books	undefined
13-05-23	21:58:54	875ffedb-ebac-472a-990e-c29cd816cc3c	OPTIONS	/books	http://localhost:3000
13-05-23	21:58:54	9645fafe-49bb-4b90-8e12-baa224c2556e	OPTIONS	/books	http://localhost:3000
13-05-23	22:00:58	b8a76490-eb09-4f54-a532-6108a2c7a519	OPTIONS	/books	http://localhost:3000
13-05-23	22:00:58	7a5fa9fe-a6a0-44c5-88ea-15bd59ce152c	OPTIONS	/books	http://localhost:3000
13-05-23	22:00:58	77c49333-542b-4ded-aaab-f7b54a602d6a	GET	/books	http://localhost:3000
13-05-23	22:00:58	76992416-e2fa-490c-af69-3097654b23db	GET	/books	http://localhost:3000
13-05-23	22:01:16	fe1e43d7-83ba-47db-8f18-93e9c962e7a8	OPTIONS	/books	http://localhost:3000
13-05-23	22:01:16	82131e1e-70f8-4829-826d-bb4f282a4364	GET	/books	http://localhost:3000
13-05-23	22:02:20	deb2c8e0-19a7-4590-91f3-db8e5700791e	OPTIONS	/books	http://localhost:3000
13-05-23	22:02:20	3ddc7629-93af-4dbd-adb5-313ef6d42c33	GET	/books	http://localhost:3000
13-05-23	22:02:20	56af624c-e370-447b-ab33-23b009c18a62	GET	/books	http://localhost:3000
13-05-23	22:02:47	389d005d-b95a-4ad1-b123-ec7bd00f6122	OPTIONS	/books	http://localhost:3000
13-05-23	22:02:47	e7150466-9167-4d04-bfbf-c2433f3130be	GET	/books	http://localhost:3000
13-05-23	22:02:50	5efd3a52-9582-468e-a83a-d8a20a83c607	GET	/books	http://localhost:3000
13-05-23	22:02:50	0b96072b-4091-453a-9db2-ee85943b2278	GET	/books	http://localhost:3000
13-05-23	22:04:08	d76938db-8a34-4524-83c9-16304ecdc126	OPTIONS	/books	http://localhost:3000
13-05-23	22:04:08	d25c6aeb-d0b0-4f52-b0ef-36337d1a5386	GET	/books	http://localhost:3000
13-05-23	22:04:11	5d0e93d6-180d-4ace-9d47-230b0ad1a2f3	GET	/books	http://localhost:3000
13-05-23	22:04:11	3cae0d5b-c783-4864-8609-38aa9f9ba42b	GET	/books	http://localhost:3000
13-05-23	22:04:29	2cd35820-13ed-4775-a312-06095d7c6d50	OPTIONS	/books	http://localhost:3000
13-05-23	22:04:29	d017b4b4-442a-40bc-9ab1-94c43748d77e	GET	/books	http://localhost:3000
13-05-23	22:05:51	c4641fcb-eb90-48e4-b2a8-812f42e40089	OPTIONS	/books	http://localhost:3000
13-05-23	22:05:51	9fe655cb-858b-4c8a-9b60-3b59e13951b0	GET	/books	http://localhost:3000
13-05-23	22:06:04	4f93f07a-fd03-49e6-84ac-ebeb5cf99d7b	OPTIONS	/books	http://localhost:3000
13-05-23	22:06:04	c1eeca15-9aa2-414d-8464-13a79be369e7	GET	/books	http://localhost:3000
13-05-23	22:06:04	7a0353f8-c0c0-4037-b4e2-ca37d4643d37	GET	/books	http://localhost:3000
13-05-23	22:07:07	e7cacf54-a94c-45b0-ad58-6ca3ffdfd070	OPTIONS	/books	http://localhost:3000
13-05-23	22:07:07	07375fc1-f41d-4814-b00b-7e5c65e3822e	GET	/books	http://localhost:3000
13-05-23	22:07:14	4966c931-b663-4704-9937-8abd28733642	OPTIONS	/books	http://localhost:3000
13-05-23	22:07:14	a7f5c1fb-60a3-4045-9ea0-38f15fb54ccf	GET	/books	http://localhost:3000
13-05-23	22:07:14	b28176ca-eaa5-4b52-a2d9-d295666ab176	GET	/books	http://localhost:3000
13-05-23	22:08:14	f27b02ec-ab14-48a1-8cef-8d9f2b6a81b5	OPTIONS	/books	http://localhost:3000
13-05-23	22:08:14	8f99f7eb-b81c-44b2-a027-ef15d4c70a18	GET	/books	http://localhost:3000
13-05-23	22:08:17	f28b2baa-f52a-4e24-93fc-51da6462eeea	GET	/books	http://localhost:3000
13-05-23	22:08:17	4eac8d39-1b1f-458f-8e85-687feb7977a9	GET	/books	http://localhost:3000
13-05-23	22:08:36	7d4b0e60-ad99-4f3a-b919-7575d19d2812	OPTIONS	/books	http://localhost:3000
13-05-23	22:08:36	b963b99b-c4c6-4f87-bbc1-bbf0bfdd5d09	GET	/books	http://localhost:3000
13-05-23	22:08:41	654f1a6f-9890-47c1-8027-cc05ed70ef9d	OPTIONS	/books	http://localhost:3000
13-05-23	22:08:41	e5a58fd0-2032-42d1-8caa-d54362a5b6ce	GET	/books	http://localhost:3000
13-05-23	22:10:50	f6444a5f-7073-478e-a816-b079802be6a3	OPTIONS	/books	http://localhost:3000
13-05-23	22:10:50	f53b5efc-810a-4356-87a3-1be2fce4337e	GET	/books	http://localhost:3000
13-05-23	22:11:01	0ce25d31-46db-4eb8-9216-3e4b026d2d9d	OPTIONS	/books	http://localhost:3000
13-05-23	22:11:01	524b9396-f2d8-4118-8884-0f354369c2c8	GET	/books	http://localhost:3000
13-05-23	22:12:15	2f9c7972-763e-448e-8130-31788b54db81	POST	/books	undefined
13-05-23	22:13:03	1a6ed58c-3ee7-44b7-a27a-60a144e2c1bb	POST	/books	undefined
13-05-23	22:13:58	b65338eb-e158-47bd-a348-fb9c3ed0a30a	OPTIONS	/books	http://localhost:3000
13-05-23	22:13:58	ab74451c-454c-4bed-a4d6-d5a666eaef5b	OPTIONS	/books	http://localhost:3000
13-05-23	22:13:58	798b8203-060d-4312-8029-f4f26f80b8f5	GET	/books	http://localhost:3000
13-05-23	22:13:58	be5d9c47-3e33-43ff-980b-cc2663c6af53	GET	/books	http://localhost:3000
13-05-23	22:14:23	e70a9123-cd2d-4ba3-8f50-c07faa4f0127	OPTIONS	/books	http://localhost:3000
13-05-23	22:14:23	9e85e495-861e-4c03-9334-73a7fcd86053	GET	/books	http://localhost:3000
13-05-23	22:14:33	77cf31a2-69a1-4e14-b44f-02985167c81b	OPTIONS	/books	http://localhost:3000
13-05-23	22:14:33	91bc8039-c6fd-49bd-bf37-83da590f8a49	GET	/books	http://localhost:3000
13-05-23	22:14:34	3727e626-68cd-43a1-901a-9a1305b8a8d5	GET	/books	http://localhost:3000
13-05-23	22:14:34	45eb921a-ed09-494e-a2ab-7e7f8cb0e843	GET	/books	http://localhost:3000
13-05-23	22:14:34	56a25b65-8875-41be-b77d-5b62cfc7341b	GET	/books	http://localhost:3000
13-05-23	22:14:34	268672a6-6131-480d-b1e9-f594b93020c3	GET	/books	http://localhost:3000
13-05-23	22:14:34	13d0b694-ffcb-4c4e-b397-24693d398bd2	GET	/books	http://localhost:3000
13-05-23	22:14:34	e6efec87-804f-4d5d-bbcc-6facc70ac152	GET	/books	http://localhost:3000
13-05-23	22:14:34	d4a2c9eb-4ad4-4ba3-8f8a-cfa26fa273f0	GET	/books	http://localhost:3000
13-05-23	22:14:34	559e712a-3fda-48b0-a8db-f52eee35cf97	GET	/books	http://localhost:3000
13-05-23	22:14:34	d42eec73-e2b6-4772-8230-8b6a27c3e55c	GET	/books	http://localhost:3000
13-05-23	22:14:35	08bcfc41-3846-47b4-a4de-0a41d40a1f55	GET	/books	http://localhost:3000
13-05-23	22:14:35	100eb8ad-d7a1-44df-99da-15312b557c19	GET	/books	http://localhost:3000
13-05-23	22:14:35	aa9a3f21-129f-48eb-9135-aaaa5b174da0	GET	/books	http://localhost:3000
13-05-23	22:14:35	4ad4484b-3481-4620-86e9-5a45653ce7bb	GET	/books	http://localhost:3000
13-05-23	22:14:35	dfca5c98-15e7-4b0e-8ce8-0d89d3a3a9ca	GET	/books	http://localhost:3000
13-05-23	22:14:35	70f326fb-ea84-4fb9-83e7-e23b3478b709	GET	/books	http://localhost:3000
13-05-23	22:14:35	0516c6b2-cdb3-434e-a3fd-ef984c10ca02	GET	/books	http://localhost:3000
13-05-23	22:14:35	3c8600bb-ddf6-4a5d-9969-9b8bde9ed895	GET	/books	http://localhost:3000
13-05-23	22:14:35	fa49c1c5-ce6c-4092-8fa5-a911b1577b98	GET	/books	http://localhost:3000
13-05-23	22:14:35	e49093f9-a89c-495e-98c9-3538960eb033	GET	/books	http://localhost:3000
13-05-23	22:14:36	bf660dbf-c2a0-49d5-8da3-d2b0f6a8bb4b	GET	/books	http://localhost:3000
13-05-23	22:14:36	032ddd18-7457-4963-963a-1271f4768b97	GET	/books	http://localhost:3000
13-05-23	22:14:36	af9f4ff3-a262-4141-a3e1-b1df2ab80086	GET	/books	http://localhost:3000
13-05-23	22:14:36	15dad35e-6b5f-404b-aae2-f92626db4f2e	GET	/books	http://localhost:3000
13-05-23	22:14:36	c9949d35-2c71-43c3-96db-f1cf2f77d945	GET	/books	http://localhost:3000
13-05-23	22:14:36	71ea68fe-c096-48fa-9944-67493bc29b28	GET	/books	http://localhost:3000
13-05-23	22:14:36	9f8b6a8f-ef33-4e03-987e-f8a7102eddaa	GET	/books	http://localhost:3000
13-05-23	22:14:36	efb3f04b-bb26-4236-8a7d-81c258f651c0	GET	/books	http://localhost:3000
13-05-23	22:14:36	63aeafc4-95c7-40f4-b72f-f94292566aa0	GET	/books	http://localhost:3000
13-05-23	22:14:36	6081412f-99d7-4e4e-9fe7-3f0a08a464d7	GET	/books	http://localhost:3000
13-05-23	22:14:37	de839777-cda3-46de-aab5-e77cc4d89427	GET	/books	http://localhost:3000
13-05-23	22:14:37	50eb18e2-9b65-4d65-8464-d3010b0731b1	GET	/books	http://localhost:3000
13-05-23	22:14:37	04049241-a790-4dad-b473-12ab1b8aebd3	GET	/books	http://localhost:3000
13-05-23	22:14:37	6e319ea9-7cbe-4364-b784-e5636b1a6fde	GET	/books	http://localhost:3000
13-05-23	22:14:37	085d3a5f-5aec-4788-a1c7-ac407ba6c84c	GET	/books	http://localhost:3000
13-05-23	22:14:37	a415d245-1676-4852-8a5b-393f9b4ec4be	GET	/books	http://localhost:3000
13-05-23	22:14:37	6a464495-9585-4676-a346-0c75117d4aa2	GET	/books	http://localhost:3000
13-05-23	22:14:37	b716dc12-1c0f-44c5-a939-1ed019b9ec9b	GET	/books	http://localhost:3000
13-05-23	22:14:38	c140af11-d59b-4201-a285-78487c748ee6	GET	/books	http://localhost:3000
13-05-23	22:14:38	206c5a86-e8d7-44c0-857d-208d5d6227f5	GET	/books	http://localhost:3000
13-05-23	22:14:38	5e682f01-4b33-40d4-aad2-7bf86eee01c0	GET	/books	http://localhost:3000
13-05-23	22:14:38	9a2a0ad0-8da3-400c-a4a2-7ae02919e857	GET	/books	http://localhost:3000
13-05-23	22:14:38	15bc1e0e-680f-40fe-bba8-55b7820b0709	GET	/books	http://localhost:3000
13-05-23	22:14:38	0afdae27-704b-4e52-aac2-5d77afc3a7a9	GET	/books	http://localhost:3000
13-05-23	22:14:38	3ba43d1c-6661-4f42-9a67-fd91e0f93fbb	GET	/books	http://localhost:3000
13-05-23	22:14:38	329a728a-d079-4531-9490-a3bd1c15cda1	GET	/books	http://localhost:3000
13-05-23	22:14:38	b152d770-8b66-4f06-abf6-4526c9108128	OPTIONS	/books	http://localhost:3000
13-05-23	22:14:38	51c9d93b-0826-42d3-a836-3f0af5eb81d0	GET	/books	http://localhost:3000
13-05-23	22:14:38	d09f20f4-b3e7-43f4-9c81-3cbd916197cf	GET	/books	http://localhost:3000
13-05-23	22:14:39	cf4a1b39-48f2-4808-bf3a-e87da4799919	GET	/books	http://localhost:3000
13-05-23	22:14:39	c4e9faea-ffb2-4357-be64-772584cefd4b	GET	/books	http://localhost:3000
13-05-23	22:14:39	f01f96bd-8c3e-4ff4-ac3e-26a13af2b5cc	GET	/books	http://localhost:3000
13-05-23	22:14:39	3e243b0e-6e07-4d3f-bd34-eee043900729	GET	/books	http://localhost:3000
13-05-23	22:14:39	e21cb562-2a4e-41bd-868d-4891502b94c1	GET	/books	http://localhost:3000
13-05-23	22:14:39	ed3c7b2a-62fd-4769-ae85-cfac88817e25	GET	/books	http://localhost:3000
13-05-23	22:14:41	bf912616-b24d-4482-bdea-9a7c8e2290a8	GET	/books	http://localhost:3000
13-05-23	22:14:41	26dcade9-5a65-4a6a-bc9f-0c50e633bbd4	GET	/books	http://localhost:3000
13-05-23	22:14:41	43fb1806-d0e4-434b-a5e2-e00cc09b6306	GET	/books	http://localhost:3000
13-05-23	22:14:41	49a35131-9fd9-409d-ae4b-5767a3ef758d	GET	/books	http://localhost:3000
13-05-23	22:14:41	e95d8f69-ccb0-4aa1-bfc4-bca22f31f98c	GET	/books	http://localhost:3000
13-05-23	22:14:41	0878d1f5-435f-47d3-af8f-c57f4573fbdf	GET	/books	http://localhost:3000
13-05-23	22:14:42	544d5a7b-aa29-4052-bdfa-62701d9a78d0	GET	/books	http://localhost:3000
13-05-23	22:14:42	abe8cbd5-29c9-41bc-a7a5-17ca85f7a117	GET	/books	http://localhost:3000
13-05-23	22:14:42	428b10ee-6d9b-4ee3-9050-84e3f45d0c4c	GET	/books	http://localhost:3000
13-05-23	22:14:42	141a3d9b-f5e3-4e8b-9325-7e07a68203fc	GET	/books	http://localhost:3000
13-05-23	22:14:42	fa2bb5a9-8cf7-456d-9868-7436e073a1be	GET	/books	http://localhost:3000
13-05-23	22:14:42	70f808e7-fdf2-4d14-83fd-cddd2f18fe44	GET	/books	http://localhost:3000
13-05-23	22:14:42	0e044124-6a1d-4b42-a489-3ed6ca8a5598	GET	/books	http://localhost:3000
13-05-23	22:14:42	eca1cd6b-d7e1-47fd-9ba6-bb4206e585e8	GET	/books	http://localhost:3000
13-05-23	22:14:42	395e0964-3f79-473d-8ddd-75678d375a99	GET	/books	http://localhost:3000
13-05-23	22:14:43	8ff17003-80d5-4714-8b12-463a6f445cc8	GET	/books	http://localhost:3000
13-05-23	22:14:43	faba76bf-5eb7-46e0-88de-ea21ea9e0152	GET	/books	http://localhost:3000
13-05-23	22:14:43	47c4c87c-1d01-49d9-a2c0-8a690eec4254	GET	/books	http://localhost:3000
13-05-23	22:14:43	a2c26f44-2c8f-476d-a715-fee03e2bbba4	GET	/books	http://localhost:3000
13-05-23	22:14:43	8342c922-4811-4463-837e-b608c26eb1b5	GET	/books	http://localhost:3000
13-05-23	22:14:43	da06b0dd-1b7c-4087-9630-481ff1a89012	GET	/books	http://localhost:3000
13-05-23	22:14:43	bddb96ef-abab-4479-8c44-bb59d3024ca3	GET	/books	http://localhost:3000
13-05-23	22:14:43	d7fb289b-e185-4652-8bb9-c1d7db89b92b	GET	/books	http://localhost:3000
13-05-23	22:14:43	6d2a84c8-008a-4cec-af45-ea3297af9261	GET	/books	http://localhost:3000
13-05-23	22:14:43	f02eee3b-f52d-40f3-9c21-a809be575d56	OPTIONS	/books	http://localhost:3000
13-05-23	22:14:43	a0365d2b-39a8-4fd2-86d7-84e59991ebc8	GET	/books	http://localhost:3000
13-05-23	22:14:44	359bd2b0-2bfd-4248-bb6d-98d907d7faa2	GET	/books	http://localhost:3000
13-05-23	22:14:44	6c883737-47fd-4561-9d39-32542127a06a	GET	/books	http://localhost:3000
13-05-23	22:14:44	1a763787-dbff-42f0-84b0-e7b19a454fa8	GET	/books	http://localhost:3000
13-05-23	22:14:44	8bc7ff23-3e10-478e-ad2d-e2a7f382e007	GET	/books	http://localhost:3000
13-05-23	22:14:44	2ac6b3ef-8ec7-4e4e-bc5f-ca520f312614	GET	/books	http://localhost:3000
13-05-23	22:14:44	bc8b9f94-8817-4645-a2b5-44e7fd33c716	GET	/books	http://localhost:3000
13-05-23	22:14:44	35e50d2e-f49c-4ef9-ba9c-d83729d3ff24	GET	/books	http://localhost:3000
13-05-23	22:14:44	13eba35f-0f2b-466d-9e65-c66d11dffc89	GET	/books	http://localhost:3000
13-05-23	22:14:44	87b8a699-6ad1-468c-b7a6-09e40cbbcfce	GET	/books	http://localhost:3000
13-05-23	22:14:45	94bf16ca-491f-42fa-a359-f0935386ba0c	GET	/books	http://localhost:3000
13-05-23	22:14:45	49546c23-3799-41de-ad01-289690300959	GET	/books	http://localhost:3000
13-05-23	22:14:45	fd7738a8-1c45-4bbc-aac4-910f441f3307	GET	/books	http://localhost:3000
13-05-23	22:14:45	e0a1455b-c0f5-408a-b062-706623b32722	GET	/books	http://localhost:3000
13-05-23	22:14:45	835ea3bf-0206-45fc-8367-ed8ba7a3ef98	GET	/books	http://localhost:3000
13-05-23	22:14:45	2505a00d-9295-412d-9072-f411a7b0ce9f	GET	/books	http://localhost:3000
13-05-23	22:14:45	83cbd745-27b8-496a-ae1d-6afb8d9ba8f3	GET	/books	http://localhost:3000
13-05-23	22:14:45	f2b4024c-98c5-4937-92c4-7100c15c13bb	GET	/books	http://localhost:3000
13-05-23	22:14:46	1f908323-7f4c-4eff-8cea-fd634ccfaa50	GET	/books	http://localhost:3000
13-05-23	22:14:46	2b2a2804-2b05-48b3-937b-a199a0205f21	GET	/books	http://localhost:3000
13-05-23	22:14:46	156d6183-7753-47b5-acdf-e08829808844	GET	/books	http://localhost:3000
13-05-23	22:14:46	07a1e356-1f87-4ba8-80d8-8813df70f167	GET	/books	http://localhost:3000
13-05-23	22:14:46	22fefb67-32e5-4a44-b79e-0c3e4e86a5c7	GET	/books	http://localhost:3000
13-05-23	22:14:46	1ff9c1ef-af74-410c-9e92-ea90d3ee6603	GET	/books	http://localhost:3000
13-05-23	22:14:46	4e7845dd-ddea-4dad-9df4-b0f97fe0738c	GET	/books	http://localhost:3000
13-05-23	22:14:46	2832638e-3436-4047-affa-ee52dadc365e	GET	/books	http://localhost:3000
13-05-23	22:14:46	687ac33d-247f-48c2-9278-a8ced203aa4b	GET	/books	http://localhost:3000
13-05-23	22:14:46	946d7152-9ffa-4211-883c-8d9a8939fb74	GET	/books	http://localhost:3000
13-05-23	22:14:47	92a8dac6-cbff-4ad0-904a-907671a81f33	GET	/books	http://localhost:3000
13-05-23	22:14:47	e7dac861-c911-4e31-b637-a829813c4391	GET	/books	http://localhost:3000
13-05-23	22:14:47	fe7eb07f-4813-42d8-a01b-42e515df9983	GET	/books	http://localhost:3000
13-05-23	22:14:47	11040332-7c81-4bf9-aeba-62d6024058f4	GET	/books	http://localhost:3000
13-05-23	22:14:47	e0939c73-a780-4b96-9a8c-209e2b4108ed	GET	/books	http://localhost:3000
13-05-23	22:14:47	33e89ea1-f6f6-4e05-8091-1e64ec29dacc	GET	/books	http://localhost:3000
13-05-23	22:14:47	5465fc02-fffd-4c03-badb-97e34b39ec3a	GET	/books	http://localhost:3000
13-05-23	22:14:47	a232e142-86d6-4f21-ab7f-1fb4b69a95fc	GET	/books	http://localhost:3000
13-05-23	22:14:47	462992c5-e9a9-437f-9ce0-f7a12b58f0b4	GET	/books	http://localhost:3000
13-05-23	22:14:47	575c1f1a-4fdf-4dd0-ae55-2e9818b0e805	GET	/books	http://localhost:3000
13-05-23	22:14:48	c46079e6-ed86-4e92-8614-ad83fb0c53bb	GET	/books	http://localhost:3000
13-05-23	22:14:48	31a56ffd-f2d9-49e4-9e94-4387fd97c6c2	GET	/books	http://localhost:3000
13-05-23	22:14:48	79aea894-62cd-4d10-a222-70eb78ff03e9	GET	/books	http://localhost:3000
13-05-23	22:14:48	15e55a08-3cf3-4d43-8a2c-8502d010d226	GET	/books	http://localhost:3000
13-05-23	22:14:48	3f06bdef-38d1-4a0f-b938-5f1d232b8735	GET	/books	http://localhost:3000
13-05-23	22:14:48	3852b168-4498-48b6-a52d-a4634aa02ba3	GET	/books	http://localhost:3000
13-05-23	22:14:48	39d20f34-0538-4b43-adce-c46d67a03814	GET	/books	http://localhost:3000
13-05-23	22:14:48	3d92d879-1a59-41bd-b4d7-aacda328e3e0	GET	/books	http://localhost:3000
13-05-23	22:14:48	d00c6418-07fa-4ee5-9561-43e86961191b	GET	/books	http://localhost:3000
13-05-23	22:14:49	eb85c498-1405-40c6-a6a5-f5a7eebd889e	OPTIONS	/books	http://localhost:3000
13-05-23	22:14:49	0cd4297a-25fd-4aeb-8ff3-c5fe79ea4ac6	GET	/books	http://localhost:3000
13-05-23	22:14:49	8e2dd861-a53d-441a-a4be-a36deb043cfb	GET	/books	http://localhost:3000
13-05-23	22:14:49	cb68ee7f-e1e6-4106-94d8-727d7f38182e	GET	/books	http://localhost:3000
13-05-23	22:14:49	21fbac6e-421e-4d84-9b8a-c9eb00dff8b6	GET	/books	http://localhost:3000
13-05-23	22:14:49	36866e84-e357-4eff-baaf-be8cc65990d9	GET	/books	http://localhost:3000
13-05-23	22:14:49	16fc6977-4bc5-4fc3-a409-43b489621285	GET	/books	http://localhost:3000
13-05-23	22:14:49	0ff33736-608e-42be-ab2b-259bc2e021ab	GET	/books	http://localhost:3000
13-05-23	22:14:49	d44eb527-e57e-4f03-8d3b-0c09e55a290c	GET	/books	http://localhost:3000
13-05-23	22:14:49	37d6b63c-5cb3-4e9f-bd22-852835bb967d	GET	/books	http://localhost:3000
13-05-23	22:14:50	15da74c7-2494-4f88-8fb7-20f10b5fc4cd	GET	/books	http://localhost:3000
13-05-23	22:14:50	82fa460e-8dae-47bd-8122-484ca4159b0f	GET	/books	http://localhost:3000
13-05-23	22:14:50	fc1d08a6-35d8-4bf5-9425-88aa44c04e91	GET	/books	http://localhost:3000
13-05-23	22:14:50	03ee0a72-5280-418f-8141-835f23171372	GET	/books	http://localhost:3000
13-05-23	22:14:50	278deae0-3d40-46af-b3d9-6d7e66e0a7cc	GET	/books	http://localhost:3000
13-05-23	22:14:50	3f027c73-f8f2-4d18-a824-a79230c86528	GET	/books	http://localhost:3000
13-05-23	22:14:50	9c841350-4caf-4031-b3d2-fad4cd58f6e9	GET	/books	http://localhost:3000
13-05-23	22:14:50	f785aed8-0262-424c-b45d-e01c1c851dba	GET	/books	http://localhost:3000
13-05-23	22:14:50	00bf87ba-279b-475b-a1c5-234c6701605f	GET	/books	http://localhost:3000
13-05-23	22:14:50	f013f23b-4507-4571-8eca-6ace9ddc9bc8	GET	/books	http://localhost:3000
13-05-23	22:14:51	e414f01c-fbba-48f0-adef-e0c876a895f3	GET	/books	http://localhost:3000
13-05-23	22:14:51	b01457c3-13aa-40ef-9d4d-d172b18074af	GET	/books	http://localhost:3000
13-05-23	22:14:51	2aafc148-54b0-440e-84ac-fc51809d2e91	GET	/books	http://localhost:3000
13-05-23	22:14:51	4deddd44-4854-4f09-b6f4-37c0f47999fa	GET	/books	http://localhost:3000
13-05-23	22:14:51	42e19cd4-4d16-4aaf-9ed3-159e7c61f0ac	GET	/books	http://localhost:3000
13-05-23	22:14:51	0b4584f7-9ab8-493f-8341-a14a7682bd3e	GET	/books	http://localhost:3000
13-05-23	22:14:51	7ad5e5ad-bff3-49c5-aa3f-864d3dce5b21	GET	/books	http://localhost:3000
13-05-23	22:14:51	4e9b0c05-e6e9-46b8-9cf5-001e56bb8c3e	GET	/books	http://localhost:3000
13-05-23	22:14:51	161949ca-a24a-4b3b-9f1c-618f65b79c76	GET	/books	http://localhost:3000
13-05-23	22:14:51	f9874fe4-60ac-4966-9000-0748cf9e0816	GET	/books	http://localhost:3000
13-05-23	22:14:51	012aab6c-b8ef-4c53-a55b-cfadb12b1284	GET	/books	http://localhost:3000
13-05-23	22:14:52	7d793458-1271-477a-9ce9-0c6d2faddc84	GET	/books	http://localhost:3000
13-05-23	22:14:52	2dee8033-a647-43c7-a9e3-60e4b252e6dc	GET	/books	http://localhost:3000
13-05-23	22:14:52	b6bb99dc-e3b6-4b20-9651-0e4e868c3b9b	GET	/books	http://localhost:3000
13-05-23	22:14:52	0451dd4d-1a61-4940-bfc2-afbde0aae151	GET	/books	http://localhost:3000
13-05-23	22:14:52	3d9071f7-5d52-4126-872e-79c90c667267	GET	/books	http://localhost:3000
13-05-23	22:14:52	43345c15-cf81-481e-8313-5e2160a99753	GET	/books	http://localhost:3000
13-05-23	22:14:52	fffc3b11-67ef-4563-a1ac-2093b0150cb4	GET	/books	http://localhost:3000
13-05-23	22:14:52	07b913c4-06d1-4dcb-b105-d9c97f1782c0	GET	/books	http://localhost:3000
13-05-23	22:14:52	9b1369c6-148c-4a7e-9c13-c94c018ff247	GET	/books	http://localhost:3000
13-05-23	22:14:52	41ce177c-2b97-4c50-8a64-9c3479b9166c	GET	/books	http://localhost:3000
13-05-23	22:14:53	734ee1f2-eab6-4dfa-8330-838ab1ac581b	GET	/books	http://localhost:3000
13-05-23	22:14:53	57089ce9-e1f0-4aa6-8905-e2c70ba1d7fb	GET	/books	http://localhost:3000
13-05-23	22:14:53	d8a3213f-eeba-4e0c-9582-944d371ded8f	GET	/books	http://localhost:3000
13-05-23	22:14:53	f986575d-de35-4d12-a44a-5a043205b39e	GET	/books	http://localhost:3000
13-05-23	22:14:53	ad4184ef-6150-4f93-a6d3-a1fb9788e057	GET	/books	http://localhost:3000
13-05-23	22:14:53	527038c1-4a88-42b9-9312-375a4651b3c3	GET	/books	http://localhost:3000
13-05-23	22:14:53	8fe798ba-91ee-45dd-b64f-b230172018b0	GET	/books	http://localhost:3000
13-05-23	22:14:53	ece33e73-688f-48da-aa29-67b14fe49787	GET	/books	http://localhost:3000
13-05-23	22:14:53	0c2572be-6317-4ec9-8dd5-2cdac7ff9c61	GET	/books	http://localhost:3000
13-05-23	22:14:53	ecb285e8-539b-49a3-a304-11d382286024	GET	/books	http://localhost:3000
13-05-23	22:14:54	bf91eb0f-2cfe-4f87-9468-0e6314c20406	GET	/books	http://localhost:3000
13-05-23	22:14:54	63f1dc3a-ac97-49e6-af02-f43537de0ad9	OPTIONS	/books	http://localhost:3000
13-05-23	22:14:54	7a33015c-72a1-44d4-87f7-57ea020b296b	GET	/books	http://localhost:3000
13-05-23	22:14:54	e5927135-6af0-4aac-a52e-07cbd4e7cbff	GET	/books	http://localhost:3000
13-05-23	22:14:54	19453ef8-6e67-4231-a334-27d95f16c392	GET	/books	http://localhost:3000
13-05-23	22:14:54	729b18fb-b46c-445d-861f-bd1e236c5388	GET	/books	http://localhost:3000
13-05-23	22:14:54	d3348398-ea93-4a51-9a3d-99ae9059b0fc	GET	/books	http://localhost:3000
13-05-23	22:14:54	1e70d874-62e3-4864-804d-dd98a7c3dc9c	GET	/books	http://localhost:3000
13-05-23	22:14:54	79f276ca-8545-44a8-a952-be4bd2991919	GET	/books	http://localhost:3000
13-05-23	22:14:54	fd2fa632-4380-4686-99aa-b543da856d07	GET	/books	http://localhost:3000
13-05-23	22:14:54	1350f7d1-de73-4d33-9b82-08bdb92c9058	GET	/books	http://localhost:3000
13-05-23	22:14:55	15f6e41e-6b21-48e1-b16d-4d715a0f1a69	GET	/books	http://localhost:3000
13-05-23	22:14:55	aca8fdf7-4f9c-4a33-bec5-e3d39c2adf0a	GET	/books	http://localhost:3000
13-05-23	22:14:55	80a59aa3-63e9-4b40-b5ca-0211ab576ee9	GET	/books	http://localhost:3000
13-05-23	22:14:55	7fe2a662-05ad-4b4d-9f4f-28d94645e78c	GET	/books	http://localhost:3000
13-05-23	22:14:55	08474da5-0eb8-4d80-8a99-fd73522b2503	GET	/books	http://localhost:3000
13-05-23	22:14:55	7de3dc17-2a61-4275-89ce-7e13bdf0aa43	GET	/books	http://localhost:3000
13-05-23	22:14:55	c04257dc-2f29-429f-b9e5-734768fd91a3	GET	/books	http://localhost:3000
13-05-23	22:14:55	ae73a859-5452-4ec4-b86a-81d553fe4be5	GET	/books	http://localhost:3000
13-05-23	22:14:56	06892590-ece7-48ba-880b-c9c2bdc1e270	GET	/books	http://localhost:3000
13-05-23	22:14:56	a63628cf-0fd8-4bbc-af1c-d51ff16b9890	GET	/books	http://localhost:3000
13-05-23	22:14:56	1ff67dd5-25b7-40ea-88eb-a776d52d020c	GET	/books	http://localhost:3000
13-05-23	22:14:56	161a026c-b54b-414a-b886-e5f610d5f59b	GET	/books	http://localhost:3000
13-05-23	22:14:56	76696a7d-3c8f-4472-8fed-5133ee8fb4b8	GET	/books	http://localhost:3000
13-05-23	22:14:56	ea4dfc3d-9dc5-4a2a-a452-01e4e4741803	GET	/books	http://localhost:3000
13-05-23	22:14:56	0039c94d-339c-4b6d-8d21-b054a78c2a57	GET	/books	http://localhost:3000
13-05-23	22:14:56	8239b203-4fab-4673-9f35-2c0ff43b7ff4	GET	/books	http://localhost:3000
13-05-23	22:14:56	046fa5ee-370b-4e94-aff6-58b54a23e5be	GET	/books	http://localhost:3000
13-05-23	22:14:57	6cb14f1a-6508-4314-9ae1-2b174c61875b	GET	/books	http://localhost:3000
13-05-23	22:14:57	1f07fffd-83c5-423f-8b91-a63219b433e2	GET	/books	http://localhost:3000
13-05-23	22:14:57	2c4fc00b-f01f-4bbc-b8e1-c34ee102afd6	GET	/books	http://localhost:3000
13-05-23	22:14:57	e16e438e-4aff-41a3-aea4-c8f7e4cbc18c	GET	/books	http://localhost:3000
13-05-23	22:14:57	f89a8220-a3e4-45a3-9c9a-97c074da9567	GET	/books	http://localhost:3000
13-05-23	22:14:57	5284cb88-17f2-4bcc-ac11-25a19fdc1877	GET	/books	http://localhost:3000
13-05-23	22:14:57	ee69e7f2-a013-41b7-9dc5-fe1737974699	GET	/books	http://localhost:3000
13-05-23	22:14:57	817a1822-3d9b-49f1-8e40-e1bffee3c6d9	GET	/books	http://localhost:3000
13-05-23	22:14:58	13ca1e67-435c-420c-95df-25087162caab	GET	/books	http://localhost:3000
13-05-23	22:14:58	ec2b5d1b-2c4d-4941-831e-81165ad14d79	GET	/books	http://localhost:3000
13-05-23	22:14:58	50599e3b-fc5f-4cbe-bce3-c4d71e57e7e5	GET	/books	http://localhost:3000
13-05-23	22:14:58	d8c8abbe-744d-4202-ac00-e02dea856c98	GET	/books	http://localhost:3000
13-05-23	22:14:58	e53638b1-66ea-462c-973a-5c84d5b085e7	GET	/books	http://localhost:3000
13-05-23	22:14:58	92d3ab03-7a24-496d-95d4-e38f93544c4b	GET	/books	http://localhost:3000
13-05-23	22:14:58	2a1beb47-b00e-4887-a2e0-107c92232dea	GET	/books	http://localhost:3000
13-05-23	22:14:58	ead36ae9-31e7-496f-a635-fc6513925d6a	GET	/books	http://localhost:3000
13-05-23	22:14:58	076f85a8-29dc-4068-9298-1e7d2bf22f24	GET	/books	http://localhost:3000
13-05-23	22:14:58	c3ded5a3-36e7-45df-9dbc-8a45d7250022	GET	/books	http://localhost:3000
13-05-23	22:14:59	e3da0f96-39ff-4eda-b967-429f79438301	GET	/books	http://localhost:3000
13-05-23	22:14:59	528043e5-b36d-4217-b371-0ae7e6a37c9b	OPTIONS	/books	http://localhost:3000
13-05-23	22:14:59	5893cc29-7480-4c5a-acef-884df622c4ea	GET	/books	http://localhost:3000
13-05-23	22:14:59	c28d0174-8fc9-4603-bf65-22220d1afc5c	GET	/books	http://localhost:3000
13-05-23	22:14:59	f3c700af-2c98-4a27-bff1-aa91a513c6c5	GET	/books	http://localhost:3000
13-05-23	22:15:03	2628063a-ead3-49f6-aba9-c2d88e5bf106	GET	/books	http://localhost:3000
13-05-23	22:15:04	e3a94ff1-1dd8-4f7f-822f-74e8bf8b7bf3	GET	/books	http://localhost:3000
13-05-23	22:15:04	d3960cbc-0fbd-4d38-a485-d60aac1b7cba	OPTIONS	/books	http://localhost:3000
13-05-23	22:15:04	b738fa70-4ef5-4d88-ae9d-f351d8a45687	GET	/books	http://localhost:3000
13-05-23	22:15:04	90fe5a20-e871-4b3b-88b0-7e67706d0150	GET	/books	http://localhost:3000
13-05-23	22:15:04	1eca0c47-4fa5-49d4-8a9b-9c5b83e5d08c	GET	/books	http://localhost:3000
13-05-23	22:15:04	f16f23b2-a77e-45b1-99b8-bfbde5e2a166	GET	/books	http://localhost:3000
13-05-23	22:15:04	7b616d31-6b69-4252-b544-1950a404622f	GET	/books	http://localhost:3000
13-05-23	22:15:04	3503aa95-401f-482b-b1ec-00df24227ca6	GET	/books	http://localhost:3000
13-05-23	22:15:04	11e80232-686f-4007-985c-e0fe1302b2bf	GET	/books	http://localhost:3000
13-05-23	22:15:04	b499e491-2dc7-419d-a083-1d922ab679d3	GET	/books	http://localhost:3000
13-05-23	22:15:05	78b9bb59-d1f9-4b25-940e-2a9eaeece3c3	GET	/books	http://localhost:3000
13-05-23	22:15:05	7ba07fbc-f61f-4a1e-955d-02b0989d55ae	GET	/books	http://localhost:3000
13-05-23	22:15:05	3eece0b0-9c5b-48d4-baf5-79c2bb0f083b	GET	/books	http://localhost:3000
13-05-23	22:15:05	1523d67b-27b3-47de-bd70-81b5d89a7d6a	GET	/books	http://localhost:3000
13-05-23	22:15:05	0eb80164-6ebc-436d-9cda-f6940d4163c6	GET	/books	http://localhost:3000
13-05-23	22:15:05	7cf809ec-0c25-46a2-9451-2fc735fca976	GET	/books	http://localhost:3000
13-05-23	22:15:05	107775b6-c470-42d2-ab3a-f738121b85ac	GET	/books	http://localhost:3000
13-05-23	22:15:05	7666e151-0d55-4845-98d2-09656d9953af	GET	/books	http://localhost:3000
13-05-23	22:15:05	b67e7937-f85d-450e-8949-f4fc1a61937c	GET	/books	http://localhost:3000
13-05-23	22:15:06	64e77a8d-dc9e-4022-a0ac-2d97551e65c9	GET	/books	http://localhost:3000
13-05-23	22:15:06	75d527d2-dffc-46c0-9c54-bdba9e7c59ab	GET	/books	http://localhost:3000
13-05-23	22:15:06	227cd61f-a2b3-40ea-a40e-3fed530c7e09	GET	/books	http://localhost:3000
13-05-23	22:15:06	df4927bb-c84d-4a9d-b34a-7b9450ffabfa	GET	/books	http://localhost:3000
13-05-23	22:15:06	79431694-57ad-40b3-b88f-2096e844a919	GET	/books	http://localhost:3000
13-05-23	22:15:06	5396989d-ad53-483d-9968-6b94c1aee344	GET	/books	http://localhost:3000
13-05-23	22:15:06	b5513878-539f-485d-9108-ed26911e5bf8	GET	/books	http://localhost:3000
13-05-23	22:15:06	95c2db95-d2a8-493b-9148-97fccc04df73	GET	/books	http://localhost:3000
13-05-23	22:15:06	86ea6cc7-204c-4b89-ba7c-a39d56db1c13	GET	/books	http://localhost:3000
13-05-23	22:15:07	7483f74a-d31c-45eb-9c12-32d0866cd3b2	GET	/books	http://localhost:3000
13-05-23	22:15:07	d796bc84-b3e9-40dd-8e74-3a2379d9c6f2	GET	/books	http://localhost:3000
13-05-23	22:15:07	7ae4f6e5-436c-4bf6-ae07-afd2d543513d	GET	/books	http://localhost:3000
13-05-23	22:15:07	894b08e7-9c8d-4c39-8b73-b104afe518e2	GET	/books	http://localhost:3000
13-05-23	22:15:07	e44001d9-8c26-4542-a1e3-fc8878cb939e	GET	/books	http://localhost:3000
13-05-23	22:15:07	f86309cb-24ac-4458-bf5e-ac8a5c81dc9f	GET	/books	http://localhost:3000
13-05-23	22:15:07	3cd79f31-a0c4-4821-a5ec-6720736121ac	GET	/books	http://localhost:3000
13-05-23	22:15:07	44032adf-b2ef-45a7-be98-245eb50f0c24	GET	/books	http://localhost:3000
13-05-23	22:15:07	b9f990b3-475f-436f-88cd-f789f7c34875	GET	/books	http://localhost:3000
13-05-23	22:15:07	c3f27a36-4664-46f6-a9e4-2aedbef37e49	GET	/books	http://localhost:3000
13-05-23	22:15:08	f9d107c2-1ed6-441e-a794-cb09e1eb5e75	GET	/books	http://localhost:3000
13-05-23	22:15:08	f485eebd-69a9-4763-a0db-b44e62fc3d10	GET	/books	http://localhost:3000
13-05-23	22:15:08	f66d3cc8-789b-4742-8827-e1f58b39bb96	GET	/books	http://localhost:3000
13-05-23	22:15:08	77928408-af47-424b-916f-6b4cc6f20dad	GET	/books	http://localhost:3000
13-05-23	22:15:10	7486fab6-d3dd-4304-9212-9fb40fcd81e0	OPTIONS	/books	http://localhost:3000
13-05-23	22:15:10	82c3fa34-2320-481d-9351-04197451f7bc	OPTIONS	/books	http://localhost:3000
13-05-23	22:15:10	6bf8cd33-0c95-4d67-bccf-ab7aa3b80eb5	GET	/books	http://localhost:3000
13-05-23	22:15:10	79b0534e-6fbf-46f0-b57e-d859402a3c1c	GET	/books	http://localhost:3000
13-05-23	22:15:10	630e0189-2a35-480f-ba38-b5c83573350c	GET	/books	http://localhost:3000
13-05-23	22:15:10	ae402a08-993a-449e-bdde-1d72de3998c9	GET	/books	http://localhost:3000
13-05-23	22:15:10	1e323c48-6c71-43de-841f-1149ab7d5dff	GET	/books	http://localhost:3000
13-05-23	22:15:10	99cc6bec-3e39-478b-be33-27e2e7970d51	GET	/books	http://localhost:3000
13-05-23	22:15:11	0c9851ca-87ad-4133-b0f1-edeb66cb48de	GET	/books	http://localhost:3000
13-05-23	22:15:11	bab5ebe2-2787-41e8-b9c5-ae549923e009	GET	/books	http://localhost:3000
13-05-23	22:15:11	47b22f1f-faf8-4294-b5fa-8cf61ddb47bd	GET	/books	http://localhost:3000
13-05-23	22:15:11	a05df3e0-e883-4ba2-9e47-e27bab7fb7aa	GET	/books	http://localhost:3000
13-05-23	22:15:11	0295d106-73c5-4c23-b278-9b8d1b9b9788	GET	/books	http://localhost:3000
13-05-23	22:15:11	1bd301d7-e756-4751-be74-fb9bdf6182f4	GET	/books	http://localhost:3000
13-05-23	22:15:11	5c112b63-8987-4887-b62c-3c85f6bb7abc	GET	/books	http://localhost:3000
13-05-23	22:15:11	0d65883b-ec09-4b6c-8552-54f2c1f4d6ad	GET	/books	http://localhost:3000
13-05-23	22:15:11	f03e10e3-5a04-49d5-b969-ba841fbe36f7	GET	/books	http://localhost:3000
13-05-23	22:15:11	fb8618c9-c4ae-427f-84d9-9b702bde16bc	GET	/books	http://localhost:3000
13-05-23	22:15:12	b4814ed2-2c4e-4d99-8769-6a11ea7341d2	GET	/books	http://localhost:3000
13-05-23	22:15:12	37050955-160a-4b06-94a8-dc12243f9aa3	GET	/books	http://localhost:3000
13-05-23	22:15:12	21363aa4-e54c-4cc6-b849-1a0994b9c83b	GET	/books	http://localhost:3000
13-05-23	22:15:12	ec300341-d962-4a2f-959e-9a440aa5f4a0	GET	/books	http://localhost:3000
13-05-23	22:15:12	6379518a-e37d-4822-b355-2dd8a6210c2a	GET	/books	http://localhost:3000
13-05-23	22:15:12	1ef75632-eb73-46ff-a9c0-dd3ad45c90b1	GET	/books	http://localhost:3000
13-05-23	22:15:12	016e8e47-4872-4a2a-8b89-4b87fba5d78e	GET	/books	http://localhost:3000
13-05-23	22:15:12	ceee2f71-86ab-4532-8a18-9dba04be0f5d	GET	/books	http://localhost:3000
13-05-23	22:15:12	40f97c16-9bd6-4ec4-9909-62494b900852	GET	/books	http://localhost:3000
13-05-23	22:15:12	2d9438f4-fa63-4605-9fa8-b487dcfa380f	GET	/books	http://localhost:3000
13-05-23	22:15:13	85022892-97ea-4b30-8857-95912a66ddfc	GET	/books	http://localhost:3000
13-05-23	22:15:13	470f3679-1087-427a-a99c-f9549eb397ad	GET	/books	http://localhost:3000
13-05-23	22:15:13	4fcc8a34-4e7a-4eb4-b6b4-6358233bd5e1	GET	/books	http://localhost:3000
13-05-23	22:15:13	f2e7010f-f72e-424e-b367-d8dfafc67bc3	GET	/books	http://localhost:3000
13-05-23	22:15:13	ef19547f-545a-427f-9609-be3965e3f764	GET	/books	http://localhost:3000
13-05-23	22:15:13	9ed41973-eece-4b03-9d8c-1fda414db0d0	GET	/books	http://localhost:3000
13-05-23	22:15:13	5cc2e227-1cc8-4e04-a751-588e9d6b0e39	GET	/books	http://localhost:3000
13-05-23	22:15:13	6405239c-f920-4794-84ff-c7cce0cd2601	GET	/books	http://localhost:3000
13-05-23	22:15:13	8d8f55e4-65b8-4143-92c8-65718cbdfc6d	GET	/books	http://localhost:3000
13-05-23	22:15:14	4c1692f7-8029-4dfb-841d-f3c8984eff23	GET	/books	http://localhost:3000
13-05-23	22:15:14	09fe5a21-5722-4f89-b082-3d962920fff0	GET	/books	http://localhost:3000
13-05-23	22:15:14	bca19246-fd95-4f2c-bede-eb2d6e462bd0	GET	/books	http://localhost:3000
13-05-23	22:15:14	1cd011fe-751e-4316-89ae-029b425bc7c2	GET	/books	http://localhost:3000
13-05-23	22:15:14	c296756a-ebee-45d7-88bd-790d13b29a0e	GET	/books	http://localhost:3000
13-05-23	22:15:14	9376f788-a195-4c4d-8a5e-904f4b93825c	GET	/books	http://localhost:3000
13-05-23	22:15:14	ee57a1da-eb1a-4274-9714-3c1f380323d6	GET	/books	http://localhost:3000
13-05-23	22:15:14	131f8f42-3cab-4834-88d9-5a777cce6436	GET	/books	http://localhost:3000
13-05-23	22:15:14	16e08960-e1f9-4398-8b0b-84076220459d	GET	/books	http://localhost:3000
13-05-23	22:15:14	71c953a4-1676-43c7-b247-312e19599dc7	GET	/books	http://localhost:3000
13-05-23	22:15:15	c8b73981-cf92-4e1d-9cff-ed1d8a810631	GET	/books	http://localhost:3000
13-05-23	22:15:15	0781134f-bf31-4bdd-bfe9-7e850e29b59e	GET	/books	http://localhost:3000
13-05-23	22:15:15	eee25e8c-f163-482a-a538-c60e4e5f7d01	GET	/books	http://localhost:3000
13-05-23	22:15:15	9bf07e9d-7299-4050-9779-d6721e02576d	GET	/books	http://localhost:3000
13-05-23	22:15:15	bb6cd4b8-491a-433d-9d19-52feac62190a	OPTIONS	/books	http://localhost:3000
13-05-23	22:15:15	54ea022c-d9da-4091-bc33-66e135c00ac2	GET	/books	http://localhost:3000
13-05-23	22:15:15	f830def3-5317-4882-a48a-8027e1ac68d4	GET	/books	http://localhost:3000
13-05-23	22:15:46	18ad9fca-3290-4842-906d-5f43381e7223	OPTIONS	/books	http://localhost:3000
13-05-23	22:15:46	89e183d0-43f4-41cf-b471-e7a80a53806d	GET	/books	http://localhost:3000
13-05-23	22:16:24	1b8e344c-186c-4be1-9d05-4c59bab3b16b	OPTIONS	/books	http://localhost:3000
13-05-23	22:16:24	7e27d78c-c9f6-409b-a211-b34e808b9152	OPTIONS	/books	http://localhost:3000
13-05-23	22:16:24	203c2d82-bb5e-4e46-a8bc-69abe480c8bd	GET	/books	http://localhost:3000
13-05-23	22:16:24	58193a7a-7b77-496c-8cf7-b7d5974f6a2f	GET	/books	http://localhost:3000
13-05-23	22:16:27	6f6a2ba7-6860-44de-a46a-8b52de3764f7	GET	/books	http://localhost:3000
13-05-23	22:16:27	f6c4423e-6149-4497-aa9b-da065037e562	GET	/books	http://localhost:3000
13-05-23	22:16:30	3af7f592-bb8f-4912-bbf7-61b756125d1e	OPTIONS	/books	http://localhost:3000
13-05-23	22:16:30	83559ef9-edaf-48ee-96e6-08ddf24b9169	GET	/books	http://localhost:3000
13-05-23	22:16:30	6705bdf3-0738-4873-8555-93dca3c94756	GET	/books	http://localhost:3000
13-05-23	22:16:42	23ee4b56-ad97-4010-9354-783ad2409d73	OPTIONS	/books	http://localhost:3000
13-05-23	22:16:42	c1af62b5-d9b6-4434-b34f-8d8cebbf7a8c	OPTIONS	/books	http://localhost:3000
13-05-23	22:16:42	48cfcac2-d4ff-4863-a07e-5a2492f8554c	GET	/books	http://localhost:3000
13-05-23	22:16:42	a90a2106-9b77-40aa-8813-0118772f7f4d	GET	/books	http://localhost:3000
13-05-23	22:16:48	5ad859d4-20e8-4e35-92e6-38419f0d9bfd	OPTIONS	/books	http://localhost:3000
13-05-23	22:16:48	83d3d2a3-86b9-424b-852d-65f67f150962	GET	/books	http://localhost:3000
13-05-23	22:16:48	5ba3d178-20fd-430b-b642-4889e5fe9acc	GET	/books	http://localhost:3000
13-05-23	22:16:56	a3414f31-b051-4d78-b186-c6a9135d8f53	OPTIONS	/books	http://localhost:3000
13-05-23	22:16:56	5dd7760c-4df4-4c87-b7b0-f15e15927603	GET	/books	http://localhost:3000
13-05-23	22:17:02	d5cd344b-1547-4652-8c1d-922313cb7d08	OPTIONS	/books	http://localhost:3000
13-05-23	22:17:02	78926cf3-ced6-4fbd-a5dd-8e3433045f2a	GET	/books	http://localhost:3000
13-05-23	22:17:10	3661d99f-1a95-4753-be22-d819badcfa2d	OPTIONS	/books	http://localhost:3000
13-05-23	22:17:10	f0a295aa-ec88-4bd4-a7a8-b29d034d5c6f	GET	/books	http://localhost:3000
13-05-23	22:54:06	a843e73c-b2a6-4b01-91d8-2e8eab0539d5	GET	/users	postman
13-05-23	22:54:19	2a03edef-5b4d-4b50-a788-5496ee8a2cb3	POST	/books	undefined
13-05-23	22:54:25	f58837ac-8776-4d78-84d9-de9079c1396e	GET	/books	undefined
13-05-23	22:54:42	4286a31c-8c8b-46d5-a817-a63cf7b972d8	GET	/home/tilok_doley/photos/p1.jpg	undefined
13-05-23	22:54:42	95db4143-2f1c-4513-a8a3-b8bdaa7bfdcb	GET	/home/tilok_doley/photos/css/style.css	undefined
13-05-23	22:54:42	d6d81eb8-e481-4341-b332-e4733b52603b	GET	/favicon.ico	undefined
13-05-23	22:57:58	d82307e9-a744-4be7-93c1-075337115654	DELETE	/books	undefined
13-05-23	22:58:10	c7e90269-ee2b-418c-a9be-240a4980dd54	GET	/books	undefined
13-05-23	23:01:08	bdecb69f-1a84-4c97-981d-250aa3677867	GET	/books	undefined
13-05-23	23:01:16	1a967ab5-4dca-481f-a6a7-1ae09906c263	POST	/books	undefined
13-05-23	23:01:20	7931cab6-c439-4122-9c6c-5af920b7a5d0	GET	/books	undefined
13-05-23	23:02:07	4de475f3-0a98-47ac-9df2-f87d3d1640ad	OPTIONS	/books	http://localhost:3000
13-05-23	23:02:07	6c4d352a-559d-42a2-b38b-85122b722600	OPTIONS	/books	http://localhost:3000
13-05-23	23:02:07	50d56312-ad1e-4e21-9894-fd3b2aa2905f	GET	/books	http://localhost:3000
13-05-23	23:02:08	16a4d7da-6db1-447a-8be7-78af977172f2	GET	/books	http://localhost:3000
13-05-23	23:03:06	27d61633-b8c1-4715-a1e9-fe926b21737b	OPTIONS	/books	http://localhost:3000
13-05-23	23:03:06	e634420b-f668-40c4-9795-e93fd97b942c	GET	/books	http://localhost:3000
13-05-23	23:05:46	58bcd9c8-9046-4247-9362-c69999fafabd	OPTIONS	/books	http://localhost:3000
13-05-23	23:05:46	562fb89c-db02-4029-9da5-3828c43ca4a1	GET	/books	http://localhost:3000
13-05-23	23:05:49	43044c36-ae2e-4a45-8ca6-9868ad80b7e6	GET	/books	http://localhost:3000
13-05-23	23:05:49	95b4a653-5053-4fe5-8034-4f028dab7adb	GET	/books	http://localhost:3000
13-05-23	23:05:58	75eaf581-104a-4f03-b593-076710af5ddc	OPTIONS	/books	http://localhost:3000
13-05-23	23:05:58	2ced5f94-7ce4-479c-9332-d32aac12a694	OPTIONS	/books	http://localhost:3000
13-05-23	23:05:58	b506e2a8-4378-4f59-8d79-18ca2f17016b	GET	/books	http://localhost:3000
13-05-23	23:05:58	b3de66f2-730d-4a4f-aa05-1567da100dc4	GET	/books	http://localhost:3000
13-05-23	23:06:40	93d3a820-2a95-41bc-a715-3b566adcdcc1	OPTIONS	/books	http://localhost:3000
13-05-23	23:06:40	1b081183-c803-461c-94c0-addc380e2c04	GET	/books	http://localhost:3000
13-05-23	23:07:54	8c35af31-cf5b-455b-be1d-7cef962740ce	OPTIONS	/books	http://localhost:3000
13-05-23	23:07:54	354fcca0-0aff-4beb-8dc5-881dc04d63ba	OPTIONS	/books	http://localhost:3000
13-05-23	23:07:54	08d7419b-c370-4828-99fc-0c416c491194	GET	/books	http://localhost:3000
13-05-23	23:07:54	78e18b10-45a5-4dd7-aa74-c22dbbbff6c5	GET	/books	http://localhost:3000
13-05-23	23:08:00	0bb2ddf4-6dd2-47e3-a949-992d84ab2cbe	OPTIONS	/books	http://localhost:3000
13-05-23	23:08:00	7135ed51-3520-4c94-90d7-c99be02f6f58	OPTIONS	/books	http://localhost:3000
13-05-23	23:08:00	78c34f43-36c4-4c87-ad4c-52aec864fb2c	GET	/books	http://localhost:3000
13-05-23	23:08:00	da94b235-3d5b-41cd-a909-f44f706a1fef	GET	/books	http://localhost:3000
13-05-23	23:13:23	83a43fe4-51f0-4f63-8306-70a0b8372cfb	GET	/books	undefined
13-05-23	23:13:29	5adce8d9-0864-40ac-a0d0-61ce85b40064	POST	/books	undefined
13-05-23	23:13:44	530fb41b-166f-48d2-bd81-019972d8d50a	OPTIONS	/books	http://localhost:3000
13-05-23	23:13:44	7a8b5291-3992-4370-a722-1af4875476a3	OPTIONS	/books	http://localhost:3000
13-05-23	23:13:44	b156f7f1-72af-44e5-80ac-5e8d3461e93c	GET	/books	http://localhost:3000
13-05-23	23:13:44	aa9cf2c6-0ed3-4927-be27-035008b046d9	GET	/books	http://localhost:3000
13-05-23	23:14:05	e92a6757-4917-48e3-b183-e36ec2632e92	OPTIONS	/books	http://localhost:3000
13-05-23	23:14:05	e7ef7eab-d4c5-48b7-9b14-fd3632921a6b	OPTIONS	/books	http://localhost:3000
13-05-23	23:14:05	c7d592a6-12f0-42b6-b9ec-2ba6ac278c2e	GET	/books	http://localhost:3000
13-05-23	23:14:05	33986fa7-6cfa-4197-b5da-d4ae8fa634eb	GET	/books	http://localhost:3000
13-05-23	23:15:36	d21b57ef-18d2-4b75-a53c-c81d27cbed51	OPTIONS	/books	http://localhost:3000
13-05-23	23:15:36	851b5eac-e9eb-48c3-9ce4-765cf55a1999	OPTIONS	/books	http://localhost:3000
13-05-23	23:15:36	28258890-6b7b-4a70-bea7-cc8e61417164	GET	/books	http://localhost:3000
13-05-23	23:15:36	764d5d6f-8d90-47b3-82e4-7ce445f9b29a	GET	/books	http://localhost:3000
14-05-23	00:59:09	d7785c72-d100-41c1-8ccd-89c7aa025d80	OPTIONS	/books	http://localhost:3000
14-05-23	00:59:09	01f93113-06d6-4f95-aaa7-5125424b2a0c	OPTIONS	/books	http://localhost:3000
14-05-23	00:59:09	cd866706-c49c-479d-824c-f0964b6bb22d	GET	/books	http://localhost:3000
14-05-23	00:59:09	bf8820da-823b-4415-822e-cd87be10c7e8	GET	/books	http://localhost:3000
14-05-23	00:59:26	57841d84-8316-4d21-af36-3114894b0537	OPTIONS	/books	https://admirable-sprite-e9d94d.netlify.app
14-05-23	01:01:43	c909ec89-1275-4b69-b29a-18fdfc6ce12d	OPTIONS	/books	https://admirable-sprite-e9d94d.netlify.app
14-05-23	01:01:43	f652fca4-c3a2-40cf-ac78-7d47b68b0f20	GET	/books	https://admirable-sprite-e9d94d.netlify.app
14-05-23	01:01:52	a9d2dbe4-b29d-4daf-b492-c15e744a3fdb	OPTIONS	/books	https://admirable-sprite-e9d94d.netlify.app
14-05-23	01:01:52	caadbd35-708f-4759-892d-c65d502daf9e	GET	/books	https://admirable-sprite-e9d94d.netlify.app
14-05-23	01:30:00	a0d709dd-4ff5-40b2-9c9d-163d6d0f4b21	GET	/	undefined
14-05-23	01:38:27	bdbfed56-e0b3-43b9-b046-56eccd7063ca	OPTIONS	/books	http://localhost:3000
14-05-23	01:38:27	bff22bae-7046-4bfa-abc2-672722056585	OPTIONS	/books	http://localhost:3000
14-05-23	01:38:27	913ecaea-832d-4653-acab-4f261608d501	GET	/books	http://localhost:3000
14-05-23	01:38:28	bb0639b0-2f1a-4d00-88eb-36ae0cb88fd6	GET	/books	http://localhost:3000
14-05-23	01:38:28	4850ff7e-07bb-444e-8f15-ab2928cd4371	GET	/books	http://localhost:3000
14-05-23	01:39:07	6c6fef4e-e045-4099-8cb4-a71dbaaf24af	OPTIONS	/books	http://localhost:3000
14-05-23	01:39:07	27b658de-8336-4624-a27b-1b81ef170deb	OPTIONS	/books	http://localhost:3000
14-05-23	01:39:07	848a0e09-36a6-40e4-8bc2-84949ad02b22	GET	/books	http://localhost:3000
14-05-23	01:39:07	8318b807-5be1-4689-b5ae-7a70bf0367e4	GET	/books	http://localhost:3000
14-05-23	01:39:08	9f56a564-991a-4f60-b4e8-f51f921e49a6	OPTIONS	/	http://localhost:3000
14-05-23	01:39:08	2d4b9491-4e12-439c-a4b8-791c10e71125	OPTIONS	/	http://localhost:3000
14-05-23	01:39:08	22ccc0cb-ef79-43fc-83c7-b9f12c781e76	GET	/	http://localhost:3000
14-05-23	01:39:08	d12aac34-2611-4b79-a115-124b87502e33	GET	/	http://localhost:3000
14-05-23	01:40:22	da8c286d-3edf-4f1d-8f81-83ebd2db583c	OPTIONS	/	http://localhost:3000
14-05-23	01:40:22	bc539578-5970-4750-afd2-7d76d016734b	OPTIONS	/	http://localhost:3000
14-05-23	01:40:22	304e8b6e-91eb-4273-a04c-788c4727caeb	GET	/	http://localhost:3000
14-05-23	01:40:22	68d14660-a96c-4d06-bcbc-69abc6d4839d	GET	/	http://localhost:3000
14-05-23	01:41:41	fe99f39c-e245-4fcd-8725-c755252ad4e2	OPTIONS	/	http://localhost:3000
14-05-23	01:41:41	b450a1df-fc3a-4867-b35a-03bfbd593d2b	GET	/	http://localhost:3000
14-05-23	01:42:11	77bd8fa2-0bde-4c17-9ef8-42e65b9b0791	OPTIONS	/	http://localhost:3000
14-05-23	01:42:11	ebecd975-062f-48a9-a242-77e1a7350853	OPTIONS	/	http://localhost:3000
14-05-23	01:42:11	ac82b077-58fb-41ef-86d9-afc5034642df	GET	/	http://localhost:3000
14-05-23	01:42:11	55a7610b-a3e3-4117-957f-364434f51085	GET	/	http://localhost:3000
14-05-23	01:42:13	113d4fcf-5761-49ee-8429-3c943cb3d6ab	GET	/	http://localhost:3000
14-05-23	01:42:13	90069f17-10e7-4837-8d7a-42d0092dae89	GET	/	http://localhost:3000
14-05-23	01:42:17	34d094c6-d7a9-484f-a3dc-b845094b7b5b	OPTIONS	/	http://localhost:3000
14-05-23	01:42:17	7ad75274-5241-4ca1-85d8-57a90f24acf8	GET	/	http://localhost:3000
14-05-23	01:42:17	98d3b52c-4659-48a2-b83e-a4c2a4a0d244	GET	/	http://localhost:3000
14-05-23	01:44:03	2cb297f9-5b5c-468a-a004-b57d134a8cfe	OPTIONS	/	http://localhost:3000
14-05-23	01:44:03	d583aa39-d95c-4848-86c5-8dd51f6dd414	GET	/	http://localhost:3000
14-05-23	01:44:03	d7311df9-a8dd-4c0e-a59c-a334a046ed87	GET	/	http://localhost:3000
14-05-23	01:44:20	00edfd53-91c5-4261-b03d-118778374cc6	OPTIONS	/index.html	http://localhost:3000
14-05-23	01:44:20	bf632692-bb6a-4728-aea5-4f3bafa4d1dc	OPTIONS	/index.html	http://localhost:3000
14-05-23	01:44:20	3bccb758-c01a-49fd-b90a-23ef0f205960	GET	/index.html	http://localhost:3000
14-05-23	01:44:20	fca37e3f-a9e0-4a2e-bb67-06fdf746f64e	GET	/index.html	http://localhost:3000
14-05-23	01:44:28	a1d24e46-292f-4a32-8f53-8ead2720fe70	GET	/index.html	undefined
14-05-23	01:44:58	18e7d353-aa0d-4063-a89d-7833ff9fba46	GET	/	undefined
14-05-23	01:44:58	7a775a23-c82c-4b77-b21e-92396f438a44	GET	/css/style.css	undefined
14-05-23	01:45:53	cf402059-bc90-4cca-83f9-01764332d04b	OPTIONS	/books	https://admirable-sprite-e9d94d.netlify.app
14-05-23	01:45:53	6659cfff-40cb-4f39-8cbb-8f0cb6db07a9	GET	/books	https://admirable-sprite-e9d94d.netlify.app
14-05-23	01:52:13	d55a448c-7c0a-4b4e-a8bb-c0b9fbe9b949	OPTIONS	/index.html	http://localhost:3000
14-05-23	01:52:13	aebea85a-0511-47a3-9b6a-a67b7768d3ff	OPTIONS	/index.html	http://localhost:3000
14-05-23	01:52:13	e02d9b16-b9f7-45f1-a5fb-bfaf31c7f4ba	GET	/index.html	http://localhost:3000
14-05-23	01:52:13	c4b41b29-c30c-4fd6-8a56-ffca67d49173	GET	/index.html	http://localhost:3000
14-05-23	01:52:30	d41af843-08d7-47a1-8891-bc1b3fe79740	OPTIONS	/index.html	http://localhost:3000
14-05-23	01:52:30	65f123a2-5c72-4873-91b5-3f01df6d632c	OPTIONS	/index.html	http://localhost:3000
14-05-23	01:52:30	39939135-dc86-495e-8337-50d9c888d72f	GET	/index.html	http://localhost:3000
14-05-23	01:52:30	cfb1f6a8-ff5b-4811-8c61-54960093b02f	GET	/index.html	http://localhost:3000
14-05-23	01:52:55	5e6a2690-9e7b-4662-a484-7b94d79d602e	OPTIONS	/index.html	http://localhost:3000
14-05-23	01:52:55	15911f2d-345e-4630-a67e-d4310c358847	OPTIONS	/index.html	http://localhost:3000
14-05-23	01:52:55	df97f1a0-f357-4586-87f3-5390ab5b54f8	GET	/index.html	http://localhost:3000
14-05-23	01:52:55	4e05693e-cf03-49f8-bee8-06fb77c2803e	GET	/index.html	http://localhost:3000
14-05-23	01:53:43	2715484f-b796-49f8-b6f1-e5d62b5096aa	OPTIONS	/index.html	http://localhost:3000
14-05-23	01:53:43	42ec9812-9c38-4416-8106-bd7a02fd3674	GET	/index.html	http://localhost:3000
14-05-23	01:54:43	3a48054f-162b-47d9-82b4-93e5a8f85a6d	OPTIONS	/index.html	http://localhost:3000
14-05-23	01:54:43	f0a7a89b-a7d9-4981-98ed-dc6c1f417e0d	GET	/index.html	http://localhost:3000
14-05-23	01:56:04	7300b867-20c2-4fe4-aced-a38b7761caeb	OPTIONS	/index.html	http://localhost:3000
14-05-23	01:56:04	837b2562-5f42-43a3-99f3-db84d77b4c91	GET	/index.html	http://localhost:3000
14-05-23	01:56:09	95a2c837-d89e-4d50-ac46-da25f84da15a	OPTIONS	/index.html	http://localhost:3000
14-05-23	01:56:09	29ef9a3b-687d-4660-aa5f-d32840abfa39	OPTIONS	/index.html	http://localhost:3000
14-05-23	01:56:09	8e1836e6-f83f-4c2a-ad82-dc58cda68e34	GET	/index.html	http://localhost:3000
14-05-23	01:56:09	0bfe4a73-4e25-49ab-95c5-b1f11bd61f92	GET	/index.html	http://localhost:3000
14-05-23	01:58:00	6e258164-0b12-4f72-b749-8443f4051078	GET	/	undefined
14-05-23	01:58:00	9f8c918a-98a6-4be0-9b92-f3c5de00f559	GET	/css/style.css	undefined
14-05-23	01:59:08	f3195ebb-8a6b-43aa-a21a-f8f2e6b468b4	OPTIONS	/index.html	http://localhost:3000
14-05-23	01:59:08	290ffa68-be59-4932-8861-72117dcb9aa0	GET	/index.html	http://localhost:3000
14-05-23	01:59:08	b47968de-c1ca-4fd5-ae07-005bf4c39497	OPTIONS	/css/style.css	http://localhost:3000
14-05-23	01:59:08	aeb9b727-9d1c-4bb7-8854-4ca1c35b186d	GET	/css/style.css	http://localhost:3000
14-05-23	01:59:26	1c77e30f-9ac7-4937-bbc8-526935bed8b4	OPTIONS	/index.html	http://localhost:3000
14-05-23	01:59:26	49ed37a6-987d-46d2-80d5-66579c50565a	OPTIONS	/index.html	http://localhost:3000
14-05-23	01:59:26	2e29d319-14dd-4058-a438-ea34bef02821	GET	/index.html	http://localhost:3000
14-05-23	01:59:26	ca48cfd8-01d5-43e4-af06-97e0b9cb0bae	GET	/index.html	http://localhost:3000
14-05-23	01:59:26	b8ffbbac-fbad-4401-9758-11c06ea21db0	OPTIONS	/css/style.css	http://localhost:3000
14-05-23	01:59:26	9a3b83cb-8dad-4d64-84fa-f332eeb01a80	OPTIONS	/css/style.css	http://localhost:3000
14-05-23	01:59:26	b5245008-9610-4e19-b9b7-442f93908610	GET	/css/style.css	http://localhost:3000
14-05-23	01:59:26	35fcd847-6ad1-4d92-99b2-79579a4ee107	GET	/css/style.css	http://localhost:3000
14-05-23	01:59:28	680ffeb0-7d6f-4334-909d-cf2ef5415bf5	GET	/index.html	http://localhost:3000
14-05-23	01:59:28	1b8e439c-2dc0-434c-a809-887a2568c787	GET	/index.html	http://localhost:3000
14-05-23	01:59:28	fde6c6d2-9545-4034-b3df-a2130669881c	GET	/css/style.css	http://localhost:3000
14-05-23	01:59:28	0100090d-7090-4e92-b95f-85fd23cb42f8	GET	/css/style.css	http://localhost:3000
14-05-23	02:00:08	8a03c9f6-56d9-482c-b03c-31353bf60532	OPTIONS	/index.html	http://localhost:3000
14-05-23	02:00:08	062476c1-6df9-4477-ad11-663a2cde084d	GET	/index.html	http://localhost:3000
14-05-23	02:00:08	a31f807a-ce77-49e2-8812-fe92ececc8b6	GET	/index.html	http://localhost:3000
14-05-23	02:00:08	cfaa1aac-23b5-4aee-9874-1e3f294eec13	OPTIONS	/css/style.css	http://localhost:3000
14-05-23	02:00:08	c4d9b473-d582-4bc1-8242-3dd0b6127b8d	GET	/css/style.css	http://localhost:3000
14-05-23	02:00:08	cfda1096-4e41-4f68-ba9e-b3763a6807fa	GET	/css/style.css	http://localhost:3000
14-05-23	02:00:18	bafda63d-d3aa-405b-9161-84ebaaeb4202	OPTIONS	/index.html	http://localhost:3000
14-05-23	02:00:18	74cdea68-1440-4a32-a233-a18987efc906	OPTIONS	/index.html	http://localhost:3000
14-05-23	02:00:18	02f95695-7c73-4119-8422-152e8d09349f	GET	/index.html	http://localhost:3000
14-05-23	02:00:18	207ed031-3c07-4132-9ac5-35e79ac97c71	GET	/index.html	http://localhost:3000
14-05-23	02:00:18	4e26504e-c877-43ad-adb9-ac4b4787ac5f	OPTIONS	/css/style.css	http://localhost:3000
14-05-23	02:00:18	e73b261f-fb6b-4bbf-9a13-5d41f64a2664	GET	/css/style.css	http://localhost:3000
14-05-23	02:00:18	02caa9d7-73d3-4c8c-bc5b-3ca0cf54d8fe	GET	/css/style.css	http://localhost:3000
14-05-23	02:00:32	eea435b8-c0ba-433f-9c45-3d227a90f61e	OPTIONS	/index.html	http://localhost:3000
14-05-23	02:00:32	30c63c9e-206e-4217-aeb6-b31a52de61a8	GET	/index.html	http://localhost:3000
14-05-23	02:00:32	05147d1c-7f87-4077-802f-231fd7014b00	GET	/index.html	http://localhost:3000
14-05-23	02:00:32	d5af2bb8-cdaf-4715-9886-ac3bf95fd723	OPTIONS	/css/style.css	http://localhost:3000
14-05-23	02:00:32	6a8d6331-90d7-4c7d-b777-74854dfd1f4a	GET	/css/style.css	http://localhost:3000
14-05-23	02:00:32	d4a4579f-45b6-4ade-a66f-843a5f8802a4	GET	/css/style.css	http://localhost:3000
14-05-23	02:01:17	c07603f7-c93b-44ba-9af5-855567c80b3e	OPTIONS	/	http://localhost:3000
14-05-23	02:01:17	aa8c6cc3-c0c6-4f74-9c65-48b636306082	GET	/	http://localhost:3000
14-05-23	02:01:17	7c29f406-8877-428b-b0a5-59ce836706a9	OPTIONS	/css/style.css	http://localhost:3000
14-05-23	02:01:17	36ffc409-dba5-498d-8f02-ea09f38e4b7b	GET	/css/style.css	http://localhost:3000
14-05-23	02:01:38	a72528a2-cf02-4334-8684-365e320bc81c	OPTIONS	/	http://localhost:3000
14-05-23	02:01:38	531cd041-c533-4b42-9927-954abf7a9f24	OPTIONS	/	http://localhost:3000
14-05-23	02:01:38	06ab9c56-9c93-45b6-a342-790737d82dde	GET	/	http://localhost:3000
14-05-23	02:01:38	c9738aad-6cc3-48dc-97e8-bc02054d2b1e	GET	/	http://localhost:3000
14-05-23	02:01:38	a07f88f0-68aa-4804-a76c-77156bc7931e	OPTIONS	/css/style.css	http://localhost:3000
14-05-23	02:01:38	332fe7ca-2002-46b4-9101-ec7762fab174	GET	/css/style.css	http://localhost:3000
14-05-23	02:01:38	4e588ea0-2ec9-45ab-a3e7-10cdb0a4df77	GET	/css/style.css	http://localhost:3000
14-05-23	02:02:01	ffdae9e3-08f6-4efc-9cf6-8fbd2e544458	OPTIONS	/books	https://admirable-sprite-e9d94d.netlify.app
14-05-23	02:02:01	568e3eba-3a35-4f47-95ec-5aca52512cea	GET	/books	https://admirable-sprite-e9d94d.netlify.app
14-05-23	10:36:57	4ded7513-3c30-47ec-aa36-853d6ee333a9	OPTIONS	/	http://localhost:3000
14-05-23	10:36:57	2274596f-68ce-4183-acfc-c975a786073b	GET	/	http://localhost:3000
14-05-23	10:38:41	d6dc9fe8-175d-4adb-a5a2-f93470984c6a	OPTIONS	/	http://localhost:3000
14-05-23	10:38:41	978b08b8-6682-479e-a80e-378e4081dc1b	OPTIONS	/	http://localhost:3000
14-05-23	10:38:41	a15ef90d-1104-4b35-a52e-3ab894f772c0	GET	/	http://localhost:3000
14-05-23	10:38:41	073c5b70-6289-4e50-a3a7-7d3e9ced22fb	GET	/	http://localhost:3000
14-05-23	10:39:21	59714eae-47c8-43da-86e6-5473bd53b433	OPTIONS	/	http://localhost:3000
14-05-23	10:39:21	5e338187-f8c2-432d-bae2-2a7f19e6b72c	GET	/	http://localhost:3000
14-05-23	10:39:21	a9ea3e15-9a73-4414-aa6e-8eab24187030	GET	/	http://localhost:3000
14-05-23	10:39:57	0f5944ae-8b2c-4b01-8d2a-7dfa6a02dc5a	OPTIONS	/books	http://localhost:3000
14-05-23	10:39:57	669ca77f-3b44-403b-a55a-f5fd4c3d33e9	OPTIONS	/books	http://localhost:3000
14-05-23	10:39:57	c096b303-20b9-4f39-90db-d25225edf81e	GET	/books	http://localhost:3000
14-05-23	10:40:25	664367ad-e56e-44a7-976b-5e6b865f1941	GET	/books	http://localhost:3000
14-05-23	10:45:39	700009f7-c6d2-4100-b83d-657c02be776b	OPTIONS	/books	http://localhost:3000
14-05-23	10:45:39	1796ee53-7b4a-429d-b64e-f37f16f78a0d	OPTIONS	/books	http://localhost:3000
14-05-23	10:45:39	03e2c768-4da7-467d-896e-bc5e6d19167a	GET	/books	http://localhost:3000
14-05-23	10:45:40	27ac1cbe-8c95-47d4-8183-17eb9ec3d4c2	GET	/books	http://localhost:3000
14-05-23	10:45:41	5663c018-bf60-49f8-a0bd-255596e3beb0	OPTIONS	/	http://localhost:3000
14-05-23	10:45:41	91fd1839-f7cc-4e47-b10b-18c95d0c8002	OPTIONS	/	http://localhost:3000
14-05-23	10:45:41	539a32fc-83e6-4327-86d6-482826c23702	GET	/	http://localhost:3000
14-05-23	10:45:41	0d01c6a3-90c3-4494-89ce-11a3e8545fbb	GET	/	http://localhost:3000
14-05-23	10:45:42	003b1d6e-5baa-49fd-b32a-1c8fc1185355	GET	/books	http://localhost:3000
14-05-23	10:45:43	f06d4117-7b08-468f-a7cc-917cf973a116	GET	/books	http://localhost:3000
14-05-23	10:47:19	81de1797-bd4e-473f-89da-f1b3e2d92d02	OPTIONS	/	http://localhost:3000
14-05-23	10:47:19	9eca541b-d355-4492-98f4-48e3ee362c08	OPTIONS	/	http://localhost:3000
14-05-23	10:47:19	faedbbc1-6aa8-4b5b-b99a-a1a3faa94307	GET	/	http://localhost:3000
14-05-23	10:47:19	483bef43-be53-433b-8a67-db42d5adffdc	GET	/	http://localhost:3000
14-05-23	10:47:21	b3ea49a1-fb92-43b4-acee-cbeaa4ed2568	OPTIONS	/books	http://localhost:3000
14-05-23	10:47:21	40804b4b-4363-4f67-8987-4f5a1b0a8da1	OPTIONS	/books	http://localhost:3000
14-05-23	10:47:21	346aa2ca-2ee8-47cc-afaf-bdc4b64e0097	GET	/books	http://localhost:3000
14-05-23	10:47:41	20d747bd-4f0d-4483-b1cb-7e167ee9b9cd	GET	/books	http://localhost:3000
14-05-23	10:53:41	1d895e75-1424-488c-bc42-59ab821f200d	OPTIONS	/	http://localhost:3000
14-05-23	10:53:41	67cbae55-7634-4d48-a267-42199b9397bb	OPTIONS	/	http://localhost:3000
14-05-23	10:53:41	fd0aedf0-9501-46e9-a0b4-d5d08171050f	GET	/	http://localhost:3000
14-05-23	10:53:41	995af55f-b4bb-43dc-8d61-3efe9df84206	GET	/	http://localhost:3000
14-05-23	22:55:44	efff9e86-b93a-4d32-bd57-52b10dd00a8e	OPTIONS	/	http://localhost:3000
14-05-23	22:55:44	21627af8-ab4e-4b88-8462-1f4ca8c80f83	GET	/	http://localhost:3000
14-05-23	22:55:44	fb440574-dd0e-4884-9026-4b867fbdd81c	OPTIONS	/	http://localhost:3000
14-05-23	22:55:44	ac65de2e-d57e-4eab-a106-d140077272df	GET	/	http://localhost:3000
15-05-23	00:46:45	cedb14bf-dab3-44ed-8ecd-37543bfd5c5a	OPTIONS	/	http://localhost:3000
15-05-23	00:46:45	17e0057d-eca6-4e5b-817d-1e8e3b248878	OPTIONS	/	http://localhost:3000
15-05-23	00:46:45	74beea10-4731-4feb-8dca-6c9fbcb27975	GET	/	http://localhost:3000
15-05-23	00:46:45	a5e09d1e-037a-4b90-902f-a955d5a6ef79	GET	/	http://localhost:3000
15-05-23	00:46:47	4bcdc1e2-df33-4e1f-98df-2ecfd25a678d	OPTIONS	/books	http://localhost:3000
15-05-23	00:46:47	3946e225-be11-4bc8-b565-a8d167e063fa	OPTIONS	/books	http://localhost:3000
15-05-23	00:46:47	e3118a8e-42e8-4af3-94c4-a3b0e1ce627d	GET	/books	http://localhost:3000
15-05-23	00:46:48	b4cfe531-66f7-4b23-8cc8-cc0f629a9b3e	GET	/books	http://localhost:3000
15-05-23	00:46:50	47518f67-fc09-42cf-840a-d3f888131155	GET	/books	http://localhost:3000
15-05-23	00:46:50	1dd73b80-05c1-4787-b8b6-6605d44b6d1b	GET	/books	http://localhost:3000
15-05-23	00:47:57	ccaddbc0-78ba-4065-ba47-e04cb7e79184	OPTIONS	/	http://localhost:3000
15-05-23	00:47:57	f603e1b7-182f-4e9f-82ef-a7779d424dea	GET	/	http://localhost:3000
15-05-23	00:47:57	0f8600d6-b28f-478a-82b3-1ba67bae41cf	OPTIONS	/	http://localhost:3000
15-05-23	00:47:57	e68111c2-898c-4016-81e5-b63dfb2a9136	GET	/	http://localhost:3000
15-05-23	00:48:00	1d22875e-a1d6-4cb2-86ac-1b52c89bb566	GET	/	http://localhost:3000
15-05-23	00:48:00	7312f1e5-96d1-4cde-a044-b9ba603c810b	GET	/	http://localhost:3000
15-05-23	12:43:43	6088ded6-7af5-46ae-80eb-f97ec7c113a4	GET	/users	undefined
15-05-23	12:52:44	715c9048-8231-491f-8c53-3766db59c2a8	POST	/users	undefined
15-05-23	12:52:51	7fbb2773-5b2b-4ecd-bf63-b195c05cca2e	GET	/users	undefined
15-05-23	13:01:16	cc10033b-9970-4946-b57a-7c63509be237	OPTIONS	/books	http://localhost:3000
15-05-23	13:01:16	ee39abb9-9113-4346-951c-ec9c32ad541b	OPTIONS	/books	http://localhost:3000
15-05-23	13:01:16	b87b2f1b-0ab6-48b3-91f5-da265ca05dae	GET	/books	http://localhost:3000
15-05-23	13:01:16	dfad1104-a3cc-46da-a2d5-b6b64683a4e9	GET	/books	http://localhost:3000
15-05-23	13:02:57	bc46e9fe-1574-4571-8716-01362a6b29d2	OPTIONS	/	http://localhost:3000
15-05-23	13:02:57	0db59074-8022-4d63-9541-ab5dd1355367	OPTIONS	/	http://localhost:3000
15-05-23	13:02:57	80e95844-dae4-430a-9a11-0abd9c3ff3ae	GET	/	http://localhost:3000
15-05-23	13:02:57	02796905-63fc-420d-99d6-575ab969ff3e	GET	/	http://localhost:3000
15-05-23	13:03:37	d4fb4668-5218-4a34-91d3-62abbce2ce7c	OPTIONS	/users	http://localhost:3000
15-05-23	13:03:37	e9758083-567c-422c-856e-5182d35b67f1	GET	/users	http://localhost:3000
15-05-23	13:03:41	07e849de-61e7-4bfa-9999-07763f0283b6	GET	/users	http://localhost:3000
15-05-23	13:03:59	c3c23283-2698-4bd7-882a-ea9284f3aa61	OPTIONS	/users	http://localhost:3000
15-05-23	13:03:59	8ec8ae2c-164c-4d4c-a5dc-daf67c0afe99	GET	/users	http://localhost:3000
15-05-23	13:03:59	52aafcca-cd67-4bc1-9e3b-ddcd6c7832f0	GET	/users	http://localhost:3000
15-05-23	13:06:58	9baba916-188f-4f5d-a7be-a503dfb4a393	GET	/users	undefined
15-05-23	13:08:43	0561049e-6dbe-479b-856d-a58f7eb589fc	GET	/users	undefined
15-05-23	13:13:40	2556429e-5acb-449a-8e6c-972ad7168f6a	OPTIONS	/users/profile	http://localhost:3000
15-05-23	13:13:40	5e1f8db4-27ad-43ae-9d6d-f598f1ebf852	POST	/users/profile	http://localhost:3000
15-05-23	13:20:25	4d4028b5-ed93-42f3-8d34-449123d0f7b5	POST	/users/profile	undefined
15-05-23	13:21:14	4b5a1658-067a-4f86-80a2-084db19e50a4	POST	/users/profile	undefined
15-05-23	13:21:29	8a59c050-0149-4fd3-a6b6-cc380379ef51	GET	/users/profile	undefined
15-05-23	13:23:12	4047a89d-fe60-4fd9-98f8-a8a6189ca09d	POST	/users/profile	undefined
15-05-23	13:23:32	6d97b49f-1ba0-4a4a-92ac-94652f84b863	POST	/users/profile	undefined
15-05-23	13:23:35	8314cc33-4164-4ee9-9e85-d7dc55e76220	POST	/users/profile	undefined
15-05-23	13:25:08	2c634a92-229b-46af-8399-3d5e518bbc01	POST	/users/profile	undefined
15-05-23	13:25:38	ef0bd12f-42e6-495d-93d5-89d7bedf113a	OPTIONS	/users/profile	http://localhost:3000
15-05-23	13:25:38	edeb4958-afd9-44bc-97e4-df7c74b9bed3	OPTIONS	/users/profile	http://localhost:3000
15-05-23	13:25:38	0ebed3d2-7936-4930-909b-6910f53a7886	POST	/users/profile	http://localhost:3000
15-05-23	13:25:38	5460e31b-47ee-4ce9-abb9-4cde9cf72018	POST	/users/profile	http://localhost:3000
15-05-23	13:26:13	6ce52194-e1b7-476c-b5aa-aafc66e3f552	OPTIONS	/users/profile	http://localhost:3000
15-05-23	13:26:13	996f2f4c-0184-4a27-a6ec-03af5f5b8d68	POST	/users/profile	http://localhost:3000
15-05-23	13:26:23	76581eff-4931-46c5-919e-15cb9688f03d	OPTIONS	/users/profile	http://localhost:3000
15-05-23	13:26:23	0745ed08-5482-4f54-80ff-3f7289fc477d	OPTIONS	/users/profile	http://localhost:3000
15-05-23	13:26:23	a6ce9533-22fe-4c2c-ba04-e9e560cf160d	POST	/users/profile	http://localhost:3000
15-05-23	13:26:23	9e759743-03f8-4c61-a454-e563c1b3b22d	POST	/users/profile	http://localhost:3000
15-05-23	13:29:09	a204ea4d-5281-4548-9d90-72f80c950468	OPTIONS	/users/profile	http://localhost:3000
15-05-23	13:29:09	a10f9e13-1111-47f2-bb11-05bffbb1ad59	POST	/users/profile	http://localhost:3000
15-05-23	13:30:10	16766b2e-a120-46d6-a719-062ba94ab922	OPTIONS	/users/profile	http://localhost:3000
15-05-23	13:30:10	a55c2c82-f127-477f-a796-52d8cf91d6c8	POST	/users/profile	http://localhost:3000
15-05-23	13:30:10	e1079036-312e-479b-bb91-f88ccceb625a	POST	/users/profile	http://localhost:3000
15-05-23	13:31:20	478c29fa-5984-4507-bf4e-657c841b6153	OPTIONS	/users/profile	http://localhost:3000
15-05-23	13:31:20	7d00c100-8b2e-4918-8de1-09d2c539cef5	POST	/users/profile	http://localhost:3000
15-05-23	13:31:55	9f5dd152-5a9b-4d12-82a3-3a7b46a97d74	OPTIONS	/users/profile	http://localhost:3000
15-05-23	13:31:55	00fd0292-a810-4f8a-be4d-b1f22774d418	POST	/users/profile	http://localhost:3000
15-05-23	13:32:41	72c7a59c-45ce-49d3-a249-cec649c0f082	OPTIONS	/users/profile	http://localhost:3000
15-05-23	13:32:41	d1c3b7de-f5d5-48c4-8937-6f93f6c553ce	OPTIONS	/users/profile	http://localhost:3000
15-05-23	13:32:41	9fa26fdb-bae9-435b-8ce3-dd6680fd723c	POST	/users/profile	http://localhost:3000
15-05-23	13:32:41	608cd9e4-098a-478d-b71d-1c283386a434	POST	/users/profile	http://localhost:3000
15-05-23	13:33:06	8b47a5d7-c22d-4cd2-aa8e-40e3516aea93	OPTIONS	/users/profile	http://localhost:3000
15-05-23	13:33:07	aa4c91ba-d8a2-4373-afa0-86283230ae9c	OPTIONS	/users/profile	http://localhost:3000
15-05-23	13:33:07	55dcd076-a255-4147-9bb2-0dbe0282499a	POST	/users/profile	http://localhost:3000
15-05-23	13:33:07	2d8eba25-5482-40d3-b039-31c64f9e23f5	POST	/users/profile	http://localhost:3000
15-05-23	13:34:32	806a5084-11d5-466b-b059-a5a09c2d3437	OPTIONS	/users/profile	http://localhost:3000
15-05-23	13:34:32	0444e16c-c934-4945-8448-ce36914cce19	OPTIONS	/users/profile	http://localhost:3000
15-05-23	13:34:32	270a599b-b457-4ceb-8d6f-51bd6ea09106	POST	/users/profile	http://localhost:3000
15-05-23	13:34:32	56ce746a-348e-45d9-b8e3-79147a378f67	POST	/users/profile	http://localhost:3000
15-05-23	13:37:57	eed78729-cb34-4d86-b1a7-4c168acf64fc	OPTIONS	/	http://localhost:3000
15-05-23	13:37:57	832d349f-0d87-4519-b6b7-5482d8129326	OPTIONS	/	http://localhost:3000
15-05-23	13:37:57	a6c517b0-ccbf-4e28-a03c-44693c09f45f	GET	/	http://localhost:3000
15-05-23	13:37:57	48b9732e-67c0-4d03-8456-3f9ee263c4d2	GET	/	http://localhost:3000
15-05-23	13:37:58	af7aa1c1-51ca-4abd-8c6a-229e548d28c6	OPTIONS	/users/profile	http://localhost:3000
15-05-23	13:37:58	ba1971b0-2875-49c6-b2a7-5716fbea9671	OPTIONS	/users/profile	http://localhost:3000
15-05-23	13:37:58	988c78c8-356d-4637-a129-502647a8120f	POST	/users/profile	http://localhost:3000
15-05-23	13:37:58	e3cf356b-b5af-4ee4-8159-63798a49d44c	POST	/users/profile	http://localhost:3000
15-05-23	13:38:01	49250dbf-15b3-45b7-8e63-010ba3cbef6f	POST	/users/profile	http://localhost:3000
15-05-23	13:38:01	9fd30586-38a6-4907-bdb3-117b96214bc0	POST	/users/profile	http://localhost:3000
15-05-23	13:38:03	ca97c19d-87da-4656-8760-ffe5a82f96ff	OPTIONS	/users/profile	http://localhost:3000
15-05-23	13:38:03	0c80e365-5adc-454e-8d89-d39292ac75f2	OPTIONS	/users/profile	http://localhost:3000
15-05-23	13:38:03	2ded85e5-5dc5-4f68-91b4-fc9486a2039c	POST	/users/profile	http://localhost:3000
15-05-23	13:38:03	449db272-ca2e-4697-83cf-1ca4aa6a26be	POST	/users/profile	http://localhost:3000
15-05-23	13:43:40	018259ab-e432-4346-a26b-659c24d6bccd	OPTIONS	/	http://localhost:3000
15-05-23	13:43:40	941a9327-a035-4b4d-88e7-415c2b0dd119	GET	/	http://localhost:3000
15-05-23	13:43:40	fed77d2e-d8be-4805-9863-bc40af171c19	GET	/	http://localhost:3000
15-05-23	13:44:59	27e76a69-f352-414e-9983-c7b1350191e3	OPTIONS	/	http://localhost:3000
15-05-23	13:44:59	fd89709d-7dbc-467c-b604-212e464482ca	OPTIONS	/	http://localhost:3000
15-05-23	13:44:59	c3b6b15b-365e-4d87-a47c-7bea8ec33c3f	GET	/	http://localhost:3000
15-05-23	13:44:59	e3548d1d-842f-4073-9c3f-0beec38f66f3	GET	/	http://localhost:3000
15-05-23	13:45:47	15a857e2-3d78-4c40-8f62-4bdc9c17837d	OPTIONS	/	http://localhost:3000
15-05-23	13:45:47	5317065b-6e4d-4a6e-8440-a5cef3639ec5	OPTIONS	/	http://localhost:3000
15-05-23	13:45:47	a2e21fe8-8d81-4512-af05-ba3ba944be13	GET	/	http://localhost:3000
15-05-23	13:45:47	1ca4f60c-bd22-46ec-b499-a1539a2c94cf	GET	/	http://localhost:3000
15-05-23	13:46:04	90146c52-8cf9-4696-b612-7ae51139e347	OPTIONS	/	http://localhost:3000
15-05-23	13:46:04	58de211d-fa52-470b-b4c7-421daf579d72	OPTIONS	/	http://localhost:3000
15-05-23	13:46:04	b81a4c13-8228-4e9c-a6ef-ed80efad83f4	GET	/	http://localhost:3000
15-05-23	13:46:04	c78fe9a7-c31f-4762-9e06-623ec80ce077	GET	/	http://localhost:3000
15-05-23	13:48:41	e97c7718-f6a1-47ed-acda-acba12178352	OPTIONS	/users/profile	http://localhost:3000
15-05-23	13:48:41	134bd90e-2afb-4634-998a-f82bf8ab1216	POST	/users/profile	http://localhost:3000
15-05-23	13:48:41	e7d38d6e-aab0-45d3-9e29-d041c4e16fdc	POST	/users/profile	http://localhost:3000
15-05-23	13:48:46	9051c6a2-e28b-43ad-8592-277aa3ef59a0	OPTIONS	/	http://localhost:3000
15-05-23	13:48:46	19bef9fd-f231-402d-9a16-5c49ebe3d29e	GET	/	http://localhost:3000
15-05-23	13:48:46	18bee40a-e379-48e6-b3c8-24211bbae4f8	GET	/	http://localhost:3000
15-05-23	13:48:47	d9fc42da-9110-4980-a28d-a14aa775c3b0	OPTIONS	/users/profile	http://localhost:3000
15-05-23	13:48:47	ab110767-9637-40da-a46b-c1d0f29599c1	POST	/users/profile	http://localhost:3000
15-05-23	13:48:47	14bea7e7-c332-434e-889c-34c320a9d744	OPTIONS	/users/profile	http://localhost:3000
15-05-23	13:48:47	eebe4d95-9c58-436e-8ea4-ad07dc23fa0f	POST	/users/profile	http://localhost:3000
15-05-23	13:49:04	227c3f20-0181-4aa7-8bea-4c06f14af8df	OPTIONS	/users/profile	http://localhost:3000
15-05-23	13:49:04	0c7ddad9-1738-4f01-940d-cd9335805eb4	OPTIONS	/users/profile	http://localhost:3000
15-05-23	13:49:04	59915f35-e4b2-4e26-b721-19f9c03a8bf3	POST	/users/profile	http://localhost:3000
15-05-23	13:49:04	5e465fb5-99dd-4761-a3ff-e3be86ee26b7	POST	/users/profile	http://localhost:3000
15-05-23	13:50:17	7e768f0d-48c0-4e80-92a2-4a98bfb07e22	OPTIONS	/users/profile	http://localhost:3000
15-05-23	13:50:17	901693ab-c7a4-4a0f-9975-b8443466ee13	POST	/users/profile	http://localhost:3000
15-05-23	13:50:23	5fa2ae59-3367-40a4-9dbc-ae859c566eaa	OPTIONS	/users/profile	http://localhost:3000
15-05-23	13:50:23	17160b58-d7e6-4b0b-a641-62828caba04c	POST	/users/profile	http://localhost:3000
15-05-23	13:50:23	5964ee7a-2e74-44a0-b0bd-db00122dabb8	POST	/users/profile	http://localhost:3000
15-05-23	13:53:17	ddb5d6ad-3e8b-4706-b02d-7ac868898d9c	POST	/users/profile	undefined
15-05-23	13:53:56	793346f4-8ce2-47d4-8722-13cee5fea40a	POST	/users/profile	undefined
15-05-23	13:54:07	6286962e-20bc-4886-afdb-8efbe49ea4e4	POST	/users/profile	undefined
15-05-23	13:55:05	4ddfe717-c5e0-46b8-8e05-1e849cbd3107	POST	/users/profile	undefined
15-05-23	13:55:43	b8cc94aa-0704-4690-8f2d-6a72679eb324	POST	/users/profile	undefined
15-05-23	13:56:48	54d13771-cfc0-4837-b1de-0950f1018b9c	OPTIONS	/users/profile	http://localhost:3000
15-05-23	13:56:48	49269cff-61ed-4b48-8fc0-8e83a0d16e65	POST	/users/profile	http://localhost:3000
15-05-23	13:56:55	44d509f5-508f-48d1-ac5e-a031c5594a53	OPTIONS	/users/profile	http://localhost:3000
15-05-23	13:56:55	1d09c7ac-5458-4853-84a7-ac21cf03ea77	OPTIONS	/users/profile	http://localhost:3000
15-05-23	13:56:55	0d35393d-21a3-4a35-98e4-245ffd747171	POST	/users/profile	http://localhost:3000
15-05-23	13:56:55	eefde4ac-9b1a-42a8-a34e-5688ceef0bdb	POST	/users/profile	http://localhost:3000
15-05-23	15:07:20	ad6f7443-bb67-4ae0-965c-6893f4544be8	OPTIONS	/	http://localhost:3000
15-05-23	15:07:20	a9e5544a-181f-45ad-924c-978c6acf1529	OPTIONS	/	http://localhost:3000
15-05-23	15:07:20	31fb8c45-8a33-47fe-9420-ac743d8a830c	GET	/	http://localhost:3000
15-05-23	15:07:20	d18403b1-5ca5-4ec7-9b7c-c930504717a8	GET	/	http://localhost:3000
15-05-23	15:07:23	3e42c6ed-947a-4c53-b323-746d462cf732	GET	/	http://localhost:3000
15-05-23	15:07:23	bc8b8e38-d876-4dab-a2aa-ed331d77e0db	GET	/	http://localhost:3000
15-05-23	15:07:27	22473e78-27e2-41c6-b405-1c931d00b24b	OPTIONS	/users/profile	http://localhost:3000
15-05-23	15:07:27	ca335a8d-5e19-4e40-ac60-35a58ff334b8	OPTIONS	/users/profile	http://localhost:3000
15-05-23	15:07:27	f4a9c658-f8c5-4d85-9fb6-cef5697887fc	POST	/users/profile	http://localhost:3000
15-05-23	15:07:27	93f85da4-a4a6-410c-8c63-a6a96fc50a59	POST	/users/profile	http://localhost:3000
15-05-23	15:07:31	512b4048-3f26-4f49-9f49-9a29b7f32ae1	OPTIONS	/	http://localhost:3000
15-05-23	15:07:31	46c3ac05-d79e-4890-aa25-7f5ad78604de	OPTIONS	/	http://localhost:3000
15-05-23	15:07:32	7419d48f-f6f8-4d50-ac6e-7a6a3403aa67	GET	/	http://localhost:3000
15-05-23	15:07:32	e8f388a5-83bf-464a-8cd9-be8021beafd3	GET	/	http://localhost:3000
15-05-23	15:07:35	f2e7d43a-5a62-4240-bb60-b74fed2e35c0	OPTIONS	/users/profile	http://localhost:3000
15-05-23	15:07:35	090823cb-2193-455e-9b0d-253f4818e931	OPTIONS	/users/profile	http://localhost:3000
15-05-23	15:07:35	6767e88a-98bd-4d65-b83d-47df5771595e	POST	/users/profile	http://localhost:3000
15-05-23	15:07:35	f7259991-9fda-4c85-b05b-68a4baeb5c91	POST	/users/profile	http://localhost:3000
15-05-23	15:07:42	f18bb56e-6ebc-40ea-96df-f71374a2d799	OPTIONS	/	http://localhost:3000
15-05-23	15:07:42	6358f77b-65f6-4ed1-a66e-f4584b4a898c	GET	/	http://localhost:3000
15-05-23	15:07:42	fb633550-dd55-4bb0-81a2-5a15742e89db	GET	/	http://localhost:3000
15-05-23	15:07:43	74a4ba51-47d5-4083-b54a-6eb0999c688d	OPTIONS	/users/profile	http://localhost:3000
15-05-23	15:07:43	18816d3c-44d5-40c5-aa45-6c3878a85c45	OPTIONS	/users/profile	http://localhost:3000
15-05-23	15:07:43	c9545aeb-df64-4d99-88c6-16514257f2d5	POST	/users/profile	http://localhost:3000
15-05-23	15:07:43	475b7744-21a5-4037-b6d2-9b991e6583c2	POST	/users/profile	http://localhost:3000
15-05-23	15:07:49	4056d590-9613-414c-b6f5-ebce8bac101b	OPTIONS	/users/profile	http://localhost:3000
15-05-23	15:07:49	cfe8158b-b289-47e3-be84-3ce5b859c3c5	OPTIONS	/users/profile	http://localhost:3000
15-05-23	15:07:49	2fcfc5b8-a488-4469-99f6-f1a8829ae061	POST	/users/profile	http://localhost:3000
15-05-23	15:07:49	f98a2fe3-6273-497b-b004-9340beed1f16	POST	/users/profile	http://localhost:3000
15-05-23	15:09:58	7cfe088d-52ab-402d-8319-6fafb92ce3c5	OPTIONS	/users/profile	http://localhost:3000
15-05-23	15:09:58	4bb050f4-0f57-40f3-93c7-1670ce325e94	POST	/users/profile	http://localhost:3000
15-05-23	15:10:07	2b05f6eb-6dc3-42d4-b096-d46c671bd0fa	OPTIONS	/users/profile	http://localhost:3000
15-05-23	15:10:07	0b0a1589-48d5-41b0-ac5b-408758445dc2	POST	/users/profile	http://localhost:3000
15-05-23	15:10:24	9c1308ef-4654-4aec-acf7-5857b8bb896e	OPTIONS	/users/profile	http://localhost:3000
15-05-23	15:10:24	ebfcebdd-62d8-416f-86c2-f7597f0a4091	OPTIONS	/users/profile	http://localhost:3000
15-05-23	15:10:24	43bc9a79-4f29-400c-9bbc-aba724e09d4b	POST	/users/profile	http://localhost:3000
15-05-23	15:10:24	35eab8be-d6c2-4049-b2a5-d6499fca1da5	POST	/users/profile	http://localhost:3000
15-05-23	15:10:28	086474c2-3a05-433e-89e5-211ae6335337	OPTIONS	/	http://localhost:3000
15-05-23	15:10:28	4dd6864f-51e1-4dad-9721-48b3c7a9b9f7	OPTIONS	/	http://localhost:3000
15-05-23	15:10:28	c8c90156-73e3-4f38-a7e3-ae05760adfd4	GET	/	http://localhost:3000
15-05-23	15:10:28	25c4ecca-e1e2-404c-80bb-aea0670de47d	GET	/	http://localhost:3000
15-05-23	15:10:30	d8b05ae8-772b-4ff5-8361-d08e759d16d1	OPTIONS	/books	http://localhost:3000
15-05-23	15:10:30	9092c41a-f62b-40c4-9a58-691746cdd9f8	OPTIONS	/books	http://localhost:3000
15-05-23	15:10:30	13203627-0f5c-4d31-a631-62a765682b8d	GET	/books	http://localhost:3000
15-05-23	15:10:31	290f1cfa-ed69-471c-b4e9-bc8fd9d68666	GET	/books	http://localhost:3000
15-05-23	15:11:05	fc78df42-4be8-477d-8149-f393bb945db4	OPTIONS	/books	http://localhost:3000
15-05-23	15:11:05	373a3810-0360-4ca5-9710-5ae74782cf4c	GET	/books	http://localhost:3000
15-05-23	15:11:15	bf3afd26-9598-4912-961e-7b7330d76055	OPTIONS	/books	http://localhost:3000
15-05-23	15:11:15	e5cbc795-7882-4fe0-b147-96c5ff88c505	OPTIONS	/books	http://localhost:3000
15-05-23	15:11:15	37c859a6-67c0-4331-ad0d-81e36c969790	GET	/books	http://localhost:3000
15-05-23	15:11:15	13f7335f-b658-424e-966f-e7395fc7a142	GET	/books	http://localhost:3000
15-05-23	15:11:19	c3c500de-a145-4e22-9fc0-f10960cb79c6	OPTIONS	/	http://localhost:3000
15-05-23	15:11:19	ff761a5a-5314-43d8-a8fa-dfb2abc39e3e	OPTIONS	/	http://localhost:3000
15-05-23	15:11:19	85a6b28f-7f26-4343-91a2-af237d8f3a1f	GET	/	http://localhost:3000
15-05-23	15:11:19	b36850ac-4e12-4b35-ab9a-008b84f9dc38	GET	/	http://localhost:3000
15-05-23	15:11:20	04d130e7-a874-4197-b615-941530c175f1	GET	/books	http://localhost:3000
15-05-23	15:11:20	09a32171-3d03-4ea4-ab18-e90f2b58188e	GET	/books	http://localhost:3000
15-05-23	19:09:00	87d2e497-6c19-4e58-a368-9e9bf0c95161	OPTIONS	/	http://localhost:3000
15-05-23	19:09:00	a9143a04-cd79-4a0e-a402-fbcb6d488fbb	OPTIONS	/	http://localhost:3000
15-05-23	19:09:00	6fd7d655-56b8-42d8-a6db-df884ce7ab1c	GET	/	http://localhost:3000
15-05-23	19:09:00	ca06bb11-961b-4e1c-8d58-0663b20cb72d	GET	/	http://localhost:3000
15-05-23	19:09:02	aa381f02-fd64-48cd-8dd8-0db563cf8d32	OPTIONS	/books	http://localhost:3000
15-05-23	19:09:02	81ea1384-a5a9-4259-bf3f-c8e7ecdf4a4c	GET	/books	http://localhost:3000
15-05-23	19:09:03	66b362a5-b62c-45a1-8d08-26ff8641918c	GET	/books	http://localhost:3000
